{"numTotalTestSuites":435,"numPassedTestSuites":406,"numFailedTestSuites":29,"numPendingTestSuites":0,"numTotalTests":1787,"numPassedTests":1744,"numFailedTests":43,"numPendingTests":0,"numTodoTests":0,"snapshot":{"added":0,"failure":false,"filesAdded":0,"filesRemoved":0,"filesRemovedList":[],"filesUnmatched":0,"filesUpdated":0,"matched":0,"total":0,"unchecked":0,"uncheckedKeysByFile":[],"unmatched":0,"updated":0,"didUpdate":false},"startTime":1784024420327,"success":false,"testResults":[{"assertionResults":[],"startTime":1784024420327,"endTime":1784024420327,"status":"failed","message":"Cannot find module '@/domain/training/coaching-engine-v3' imported from '/Users/aaronparry/Documents/Bodybuilding App/qa-reports/v3-shadow-telemetry-review.test.ts'.\n\n- If you rely on tsconfig.json's \"paths\" to resolve modules, please install \"vite-tsconfig-paths\" plugin to handle module resolution.\n- Make sure you don't have relative aliases in your Vitest config. Use absolute paths instead. Read more: https://vitest.dev/guide/common-errors","name":"/Users/aaronparry/Documents/Bodybuilding App/qa-reports/v3-shadow-telemetry-review.test.ts"},{"assertionResults":[{"ancestorTitles":["active workout persistence"],"fullName":"active workout persistence persists warm-up, work, and edited set data after Home navigation and Continue Workout reload","status":"passed","title":"persists warm-up, work, and edited set data after Home navigation and Continue Workout reload","duration":4.136124999999993,"failureMessages":[],"meta":{}},{"ancestorTitles":["active workout persistence"],"fullName":"active workout persistence keeps selected programme-day state from replacing an already open workout on route remount","status":"passed","title":"keeps selected programme-day state from replacing an already open workout on route remount","duration":0.3407499999999857,"failureMessages":[],"meta":{}},{"ancestorTitles":["active workout persistence"],"fullName":"active workout persistence recognises the same planned active workout so Start Workout can resume it","status":"passed","title":"recognises the same planned active workout so Start Workout can resume it","duration":0.14224999999999,"failureMessages":[],"meta":{}},{"ancestorTitles":["active workout persistence"],"fullName":"active workout persistence detects a different selected workout while another planned workout is active","status":"passed","title":"detects a different selected workout while another planned workout is active","duration":0.05875000000000341,"failureMessages":[],"meta":{}},{"ancestorTitles":["active workout persistence"],"fullName":"active workout persistence uses stronger conflict copy when the active workout already has logged sets","status":"passed","title":"uses stronger conflict copy when the active workout already has logged sets","duration":0.17941599999997493,"failureMessages":[],"meta":{}},{"ancestorTitles":["active workout persistence"],"fullName":"active workout persistence uses lighter conflict copy when the active workout has no logged sets","status":"passed","title":"uses lighter conflict copy when the active workout has no logged sets","duration":0.07912499999997635,"failureMessages":[],"meta":{}},{"ancestorTitles":["active workout persistence"],"fullName":"active workout persistence preserves edited warm-up/work designation and deletion state across route reloads","status":"passed","title":"preserves edited warm-up/work designation and deletion state across route reloads","duration":0.3332089999999823,"failureMessages":[],"meta":{}},{"ancestorTitles":["active workout persistence"],"fullName":"active workout persistence only explicit cancel discards the active workout and explicit complete saves it","status":"passed","title":"only explicit cancel discards the active workout and explicit complete saves it","duration":0.36437499999999545,"failureMessages":[],"meta":{}}],"startTime":1784024424383,"endTime":1784024424388.3643,"status":"passed","message":"","name":"/Users/aaronparry/Documents/Bodybuilding App/tests/active-workout-persistence.test.ts"},{"assertionResults":[{"ancestorTitles":["ad-hoc workout generation"],"fullName":"ad-hoc workout generation generates a push workout with chest, shoulders, and triceps","status":"passed","title":"generates a push workout with chest, shoulders, and triceps","duration":4.635750000000002,"failureMessages":[],"meta":{}},{"ancestorTitles":["ad-hoc workout generation"],"fullName":"ad-hoc workout generation generates a pull workout with back and biceps","status":"passed","title":"generates a pull workout with back and biceps","duration":3.228291000000013,"failureMessages":[],"meta":{}},{"ancestorTitles":["ad-hoc workout generation"],"fullName":"ad-hoc workout generation keeps biceps support in shortened hypertrophy and powerbuilding pull sessions","status":"passed","title":"keeps biceps support in shortened hypertrophy and powerbuilding pull sessions","duration":2.2948330000000112,"failureMessages":[],"meta":{}},{"ancestorTitles":["ad-hoc workout generation"],"fullName":"ad-hoc workout generation generates a legs workout with quads, hamstrings, and glutes","status":"passed","title":"generates a legs workout with quads, hamstrings, and glutes","duration":1.043500000000023,"failureMessages":[],"meta":{}},{"ancestorTitles":["ad-hoc workout generation"],"fullName":"ad-hoc workout generation respects current block rep ranges and drop-off defaults","status":"passed","title":"respects current block rep ranges and drop-off defaults","duration":0.8596670000000017,"failureMessages":[],"meta":{}},{"ancestorTitles":["ad-hoc workout generation"],"fullName":"ad-hoc workout generation stores equipment-aware load increments in generated slots","status":"passed","title":"stores equipment-aware load increments in generated slots","duration":0.4606670000000008,"failureMessages":[],"meta":{}},{"ancestorTitles":["ad-hoc workout generation"],"fullName":"ad-hoc workout generation avoids duplicate exact exercises","status":"passed","title":"avoids duplicate exact exercises","duration":0.5652499999999918,"failureMessages":[],"meta":{}},{"ancestorTitles":["ad-hoc workout generation"],"fullName":"ad-hoc workout generation uses expanded library options for generated workouts","status":"passed","title":"uses expanded library options for generated workouts","duration":0.6128750000000025,"failureMessages":[],"meta":{}},{"ancestorTitles":["ad-hoc workout generation"],"fullName":"ad-hoc workout generation can include a matching custom exercise","status":"passed","title":"can include a matching custom exercise","duration":0.4185839999999814,"failureMessages":[],"meta":{}},{"ancestorTitles":["ad-hoc workout generation"],"fullName":"ad-hoc workout generation changes exercise selection across block intent instead of only changing reps","status":"passed","title":"changes exercise selection across block intent instead of only changing reps","duration":2.4770829999999933,"failureMessages":[],"meta":{}},{"ancestorTitles":["ad-hoc workout generation"],"fullName":"ad-hoc workout generation uses dedicated peak templates instead of strength fallback templates","status":"passed","title":"uses dedicated peak templates instead of strength fallback templates","duration":2.2084580000000074,"failureMessages":[],"meta":{}},{"ancestorTitles":["ad-hoc workout generation"],"fullName":"ad-hoc workout generation uses dedicated deload templates with reduced complexity and low-fatigue work","status":"passed","title":"uses dedicated deload templates with reduced complexity and low-fatigue work","duration":2.3335419999999942,"failureMessages":[],"meta":{}},{"ancestorTitles":["ad-hoc workout generation"],"fullName":"ad-hoc workout generation anchors strength templates around canonical strength lifts","status":"passed","title":"anchors strength templates around canonical strength lifts","duration":3.1212079999999958,"failureMessages":[],"meta":{}},{"ancestorTitles":["ad-hoc workout generation"],"fullName":"ad-hoc workout generation uses evidence-based slot prescriptions instead of one session-wide set range","status":"passed","title":"uses evidence-based slot prescriptions instead of one session-wide set range","duration":1.4538749999999823,"failureMessages":[],"meta":{}},{"ancestorTitles":["ad-hoc workout generation"],"fullName":"ad-hoc workout generation guarantees trunk exposure in lower-body strength and hypertrophy templates","status":"passed","title":"guarantees trunk exposure in lower-body strength and hypertrophy templates","duration":2.78479200000001,"failureMessages":[],"meta":{}},{"ancestorTitles":["ad-hoc workout generation"],"fullName":"ad-hoc workout generation keeps power templates focused on actual power work without excessive hypertrophy accessories","status":"passed","title":"keeps power templates focused on actual power work without excessive hypertrophy accessories","duration":0.9018339999999796,"failureMessages":[],"meta":{}},{"ancestorTitles":["ad-hoc workout generation"],"fullName":"ad-hoc workout generation builds arms sessions around direct arm work, not back and shoulder filler","status":"passed","title":"builds arms sessions around direct arm work, not back and shoulder filler","duration":0.49729200000001583,"failureMessages":[],"meta":{}},{"ancestorTitles":["ad-hoc workout generation"],"fullName":"ad-hoc workout generation builds chest sessions around chest-dominant pressing and pec isolation","status":"passed","title":"builds chest sessions around chest-dominant pressing and pec isolation","duration":0.8283750000000225,"failureMessages":[],"meta":{}},{"ancestorTitles":["ad-hoc workout generation"],"fullName":"ad-hoc workout generation builds back sessions around vertical pulls, rows, and rear-delt or trap support","status":"passed","title":"builds back sessions around vertical pulls, rows, and rear-delt or trap support","duration":0.8332079999999848,"failureMessages":[],"meta":{}},{"ancestorTitles":["ad-hoc workout generation"],"fullName":"ad-hoc workout generation keeps biceps support in shortened back sessions","status":"passed","title":"keeps biceps support in shortened back sessions","duration":0.6380000000000052,"failureMessages":[],"meta":{}},{"ancestorTitles":["ad-hoc workout generation"],"fullName":"ad-hoc workout generation builds shoulder sessions around press, lateral delt, rear delt, and trap/scapular support","status":"passed","title":"builds shoulder sessions around press, lateral delt, rear delt, and trap/scapular support","duration":0.7359160000000031,"failureMessages":[],"meta":{}},{"ancestorTitles":["ad-hoc workout generation"],"fullName":"ad-hoc workout generation allows controlled shoulder/back crossover without turning sessions generic","status":"passed","title":"allows controlled shoulder/back crossover without turning sessions generic","duration":0.9735000000000014,"failureMessages":[],"meta":{}},{"ancestorTitles":["ad-hoc workout generation"],"fullName":"ad-hoc workout generation uses fatigue signals to trim planned volume before tactical autoregulation takes over","status":"passed","title":"uses fatigue signals to trim planned volume before tactical autoregulation takes over","duration":1.5382919999999842,"failureMessages":[],"meta":{}},{"ancestorTitles":["ad-hoc workout generation"],"fullName":"ad-hoc workout generation uses experience level to change generated session complexity and planned set targets","status":"passed","title":"uses experience level to change generated session complexity and planned set targets","duration":1.6103330000000255,"failureMessages":[],"meta":{}},{"ancestorTitles":["ad-hoc workout generation"],"fullName":"ad-hoc workout generation writes hybrid set ranges onto generated exercise slots","status":"passed","title":"writes hybrid set ranges onto generated exercise slots","duration":0.435292000000004,"failureMessages":[],"meta":{}},{"ancestorTitles":["ad-hoc workout generation"],"fullName":"ad-hoc workout generation estimates muscle volume landmarks from actual quality-set history","status":"passed","title":"estimates muscle volume landmarks from actual quality-set history","duration":0.3551249999999868,"failureMessages":[],"meta":{}}],"startTime":1784024421905,"endTime":1784024421943.3552,"status":"passed","message":"","name":"/Users/aaronparry/Documents/Bodybuilding App/tests/ad-hoc-workout-generator.test.ts"},{"assertionResults":[{"ancestorTitles":["adaptation detection engine"],"fullName":"adaptation detection engine classifies improving exercise evidence as adapting","status":"passed","title":"classifies improving exercise evidence as adapting","duration":1.7290830000000028,"failureMessages":[],"meta":{}},{"ancestorTitles":["adaptation detection engine"],"fullName":"adaptation detection engine does not treat workout completion alone as progress","status":"passed","title":"does not treat workout completion alone as progress","duration":0.2058330000000126,"failureMessages":[],"meta":{}},{"ancestorTitles":["adaptation detection engine"],"fullName":"adaptation detection engine treats one poor session as noise unless fatigue or pain warning signs are present","status":"passed","title":"treats one poor session as noise unless fatigue or pain warning signs are present","duration":0.09208399999999983,"failureMessages":[],"meta":{}},{"ancestorTitles":["adaptation detection engine"],"fullName":"adaptation detection engine classifies repeated poor exposures as plateaued when recovery is normal","status":"passed","title":"classifies repeated poor exposures as plateaued when recovery is normal","duration":0.31416699999999764,"failureMessages":[],"meta":{}},{"ancestorTitles":["adaptation detection engine"],"fullName":"adaptation detection engine treats poor performance with high fatigue primarily as recovery/fatigue related","status":"passed","title":"treats poor performance with high fatigue primarily as recovery/fatigue related","duration":0.1830410000000029,"failureMessages":[],"meta":{}},{"ancestorTitles":["adaptation detection engine"],"fullName":"adaptation detection engine detects exercise saturation at exercise level","status":"passed","title":"detects exercise saturation at exercise level","duration":0.10575000000000045,"failureMessages":[],"meta":{}},{"ancestorTitles":["adaptation detection engine"],"fullName":"adaptation detection engine detects movement-pattern level adaptation separately from exercise level","status":"passed","title":"detects movement-pattern level adaptation separately from exercise level","duration":0.07229200000000446,"failureMessages":[],"meta":{}},{"ancestorTitles":["adaptation detection engine"],"fullName":"adaptation detection engine detects system-level decline across unrelated movement patterns","status":"passed","title":"detects system-level decline across unrelated movement patterns","duration":0.0852920000000097,"failureMessages":[],"meta":{}},{"ancestorTitles":["adaptation detection engine"],"fullName":"adaptation detection engine feeds future engines without directly replacing them","status":"passed","title":"feeds future engines without directly replacing them","duration":0.328125,"failureMessages":[],"meta":{}},{"ancestorTitles":["adaptation detection engine"],"fullName":"adaptation detection engine does not implement user-facing PR recognition or direct progression decisions","status":"passed","title":"does not implement user-facing PR recognition or direct progression decisions","duration":0.2888749999999902,"failureMessages":[],"meta":{}},{"ancestorTitles":["adaptation detection engine"],"fullName":"adaptation detection engine is deterministic and does not use network, storage, or async work","status":"passed","title":"is deterministic and does not use network, storage, or async work","duration":0.30804200000000037,"failureMessages":[],"meta":{}}],"startTime":1784024424649,"endTime":1784024424652.3281,"status":"passed","message":"","name":"/Users/aaronparry/Documents/Bodybuilding App/tests/adaptation-detection-engine.test.ts"},{"assertionResults":[{"ancestorTitles":["adaptive load prescription"],"fullName":"adaptive load prescription uses small progression for owned load with improving signal and good recovery","status":"passed","title":"uses small progression for owned load with improving signal and good recovery","duration":0.8753340000000094,"failureMessages":[],"meta":{}},{"ancestorTitles":["adaptive load prescription"],"fullName":"adaptive load prescription keeps introduced load for stabilisation","status":"passed","title":"keeps introduced load for stabilisation","duration":0.15012500000000273,"failureMessages":[],"meta":{}},{"ancestorTitles":["adaptive load prescription"],"fullName":"adaptive load prescription keeps or reduces unstable load instead of progressing","status":"passed","title":"keeps or reduces unstable load instead of progressing","duration":0.1175839999999937,"failureMessages":[],"meta":{}},{"ancestorTitles":["adaptive load prescription"],"fullName":"adaptive load prescription poor recovery blocks load increase","status":"passed","title":"poor recovery blocks load increase","duration":0.1252499999999941,"failureMessages":[],"meta":{}},{"ancestorTitles":["adaptive load prescription"],"fullName":"adaptive load prescription deload produces recovery load","status":"passed","title":"deload produces recovery load","duration":0.14091700000000174,"failureMessages":[],"meta":{}},{"ancestorTitles":["adaptive load prescription"],"fullName":"adaptive load prescription keeps deadlift calibration conservative and capped","status":"passed","title":"keeps deadlift calibration conservative and capped","duration":0.1545409999999947,"failureMessages":[],"meta":{}},{"ancestorTitles":["adaptive load prescription"],"fullName":"adaptive load prescription bench progression can be less conservative than deadlift progression","status":"passed","title":"bench progression can be less conservative than deadlift progression","duration":0.15399999999999636,"failureMessages":[],"meta":{}},{"ancestorTitles":["adaptive load prescription"],"fullName":"adaptive load prescription uses small progression for underloaded hypertrophy isolation","status":"passed","title":"uses small progression for underloaded hypertrophy isolation","duration":0.0726669999999956,"failureMessages":[],"meta":{}},{"ancestorTitles":["adaptive load prescription"],"fullName":"adaptive load prescription keeps appropriate hypertrophy load","status":"passed","title":"keeps appropriate hypertrophy load","duration":0.2284580000000176,"failureMessages":[],"meta":{}},{"ancestorTitles":["adaptive load prescription"],"fullName":"adaptive load prescription reduces or conserves load when overreached","status":"passed","title":"reduces or conserves load when overreached","duration":0.4197499999999934,"failureMessages":[],"meta":{}},{"ancestorTitles":["adaptive load prescription"],"fullName":"adaptive load prescription uses power quality load for power movements","status":"passed","title":"uses power quality load for power movements","duration":0.06783300000000736,"failureMessages":[],"meta":{}},{"ancestorTitles":["adaptive load prescription"],"fullName":"adaptive load prescription uses no external load for duration plank","status":"passed","title":"uses no external load for duration plank","duration":0.06333300000000008,"failureMessages":[],"meta":{}},{"ancestorTitles":["adaptive load prescription"],"fullName":"adaptive load prescription blocks forced increase when the available jump is too large","status":"passed","title":"blocks forced increase when the available jump is too large","duration":0.051375000000007276,"failureMessages":[],"meta":{}},{"ancestorTitles":["adaptive load prescription"],"fullName":"adaptive load prescription estimates or starts conservatively for AMRAP with low confidence","status":"passed","title":"estimates or starts conservatively for AMRAP with low confidence","duration":0.5471670000000017,"failureMessages":[],"meta":{}},{"ancestorTitles":["adaptive load prescription"],"fullName":"adaptive load prescription keeps short reasons compact","status":"passed","title":"keeps short reasons compact","duration":0.12579099999999244,"failureMessages":[],"meta":{}},{"ancestorTitles":["adaptive load prescription"],"fullName":"adaptive load prescription is deterministic and performs no network, async, or history scan work","status":"passed","title":"is deterministic and performs no network, async, or history scan work","duration":3.323834000000005,"failureMessages":[],"meta":{}},{"ancestorTitles":["adaptive load prescription"],"fullName":"adaptive load prescription chains Cycle Strategy to Session Strategy to Rep Prescription to Load Prescription","status":"passed","title":"chains Cycle Strategy to Session Strategy to Rep Prescription to Load Prescription","duration":0.7335840000000076,"failureMessages":[],"meta":{}}],"startTime":1784024423405,"endTime":1784024423412.7336,"status":"passed","message":"","name":"/Users/aaronparry/Documents/Bodybuilding App/tests/adaptive-load-prescription.test.ts"},{"assertionResults":[{"ancestorTitles":["adaptive rep prescription"],"fullName":"adaptive rep prescription uses fixed hypertrophy reps for tension, balanced, and metabolic bias","status":"passed","title":"uses fixed hypertrophy reps for tension, balanced, and metabolic bias","duration":0.9110000000000014,"failureMessages":[],"meta":{}},{"ancestorTitles":["adaptive rep prescription"],"fullName":"adaptive rep prescription supports strength peak singles, doubles, and triples through low-rep peak ranges","status":"passed","title":"supports strength peak singles, doubles, and triples through low-rep peak ranges","duration":0.5451669999999922,"failureMessages":[],"meta":{}},{"ancestorTitles":["adaptive rep prescription"],"fullName":"adaptive rep prescription uses 2-5 work for strength intensification and moderate reps for accumulation","status":"passed","title":"uses 2-5 work for strength intensification and moderate reps for accumulation","duration":0.21220800000000395,"failureMessages":[],"meta":{}},{"ancestorTitles":["adaptive rep prescription"],"fullName":"adaptive rep prescription represents Prilepin-inspired constraints without using them as dogma","status":"passed","title":"represents Prilepin-inspired constraints without using them as dogma","duration":0.15712500000000773,"failureMessages":[],"meta":{}},{"ancestorTitles":["adaptive rep prescription"],"fullName":"adaptive rep prescription keeps power movements low rep and high quality","status":"passed","title":"keeps power movements low rep and high quality","duration":0.25062500000001364,"failureMessages":[],"meta":{}},{"ancestorTitles":["adaptive rep prescription"],"fullName":"adaptive rep prescription uses AMRAP for calibration and caps AMRAP for high-risk lifts","status":"passed","title":"uses AMRAP for calibration and caps AMRAP for high-risk lifts","duration":0.1828750000000241,"failureMessages":[],"meta":{}},{"ancestorTitles":["adaptive rep prescription"],"fullName":"adaptive rep prescription uses top-range checks for verification","status":"passed","title":"uses top-range checks for verification","duration":0.08050000000000068,"failureMessages":[],"meta":{}},{"ancestorTitles":["adaptive rep prescription"],"fullName":"adaptive rep prescription uses recovery prescriptions during recovery or deload contexts","status":"passed","title":"uses recovery prescriptions during recovery or deload contexts","duration":0.09291699999999992,"failureMessages":[],"meta":{}},{"ancestorTitles":["adaptive rep prescription"],"fullName":"adaptive rep prescription keeps get lean prescriptions conservative","status":"passed","title":"keeps get lean prescriptions conservative","duration":0.4813340000000039,"failureMessages":[],"meta":{}},{"ancestorTitles":["adaptive rep prescription"],"fullName":"adaptive rep prescription keeps maintenance simple and controlled","status":"passed","title":"keeps maintenance simple and controlled","duration":0.2045829999999853,"failureMessages":[],"meta":{}},{"ancestorTitles":["adaptive rep prescription"],"fullName":"adaptive rep prescription preserves maintenance recovery bias without turning it into peak work","status":"passed","title":"preserves maintenance recovery bias without turning it into peak work","duration":0.08379199999998832,"failureMessages":[],"meta":{}},{"ancestorTitles":["adaptive rep prescription"],"fullName":"adaptive rep prescription does not give duration exercises fake rep language","status":"passed","title":"does not give duration exercises fake rep language","duration":0.17354100000000017,"failureMessages":[],"meta":{}},{"ancestorTitles":["adaptive rep prescription"],"fullName":"adaptive rep prescription does not route non-power athletic performance exercises to power-style reps","status":"passed","title":"does not route non-power athletic performance exercises to power-style reps","duration":0.18095900000000142,"failureMessages":[],"meta":{}},{"ancestorTitles":["adaptive rep prescription"],"fullName":"adaptive rep prescription preserves power objectives while intentionally overriding non-power bias","status":"passed","title":"preserves power objectives while intentionally overriding non-power bias","duration":0.05458299999997962,"failureMessages":[],"meta":{}},{"ancestorTitles":["adaptive rep prescription"],"fullName":"adaptive rep prescription keeps hypertrophy isolation peak contexts out of very low-rep peak prescriptions","status":"passed","title":"keeps hypertrophy isolation peak contexts out of very low-rep peak prescriptions","duration":0.059041999999976724,"failureMessages":[],"meta":{}},{"ancestorTitles":["adaptive rep prescription"],"fullName":"adaptive rep prescription keeps actual power movements low rep and speed/power biased","status":"passed","title":"keeps actual power movements low rep and speed/power biased","duration":0.055291999999980135,"failureMessages":[],"meta":{}},{"ancestorTitles":["adaptive rep prescription"],"fullName":"adaptive rep prescription separates squat, bench, and deadlift strength prescriptions","status":"passed","title":"separates squat, bench, and deadlift strength prescriptions","duration":0.09133299999999167,"failureMessages":[],"meta":{}},{"ancestorTitles":["adaptive rep prescription"],"fullName":"adaptive rep prescription never uses open AMRAP for deadlift calibration","status":"passed","title":"never uses open AMRAP for deadlift calibration","duration":0.7061669999999935,"failureMessages":[],"meta":{}},{"ancestorTitles":["adaptive rep prescription"],"fullName":"adaptive rep prescription prevents high-rep deadlift drift in build muscle + strength","status":"passed","title":"prevents high-rep deadlift drift in build muscle + strength","duration":0.09358299999999531,"failureMessages":[],"meta":{}},{"ancestorTitles":["adaptive rep prescription"],"fullName":"adaptive rep prescription uses moderate support ranges for strength isolation accessories","status":"passed","title":"uses moderate support ranges for strength isolation accessories","duration":0.050749999999993634,"failureMessages":[],"meta":{}},{"ancestorTitles":["adaptive rep prescription"],"fullName":"adaptive rep prescription uses category-specific maintenance prescriptions","status":"passed","title":"uses category-specific maintenance prescriptions","duration":0.05983299999999758,"failureMessages":[],"meta":{}},{"ancestorTitles":["adaptive rep prescription"],"fullName":"adaptive rep prescription uses duration_carry output for carry prescriptions","status":"passed","title":"uses duration_carry output for carry prescriptions","duration":0.054874999999981355,"failureMessages":[],"meta":{}},{"ancestorTitles":["adaptive rep prescription"],"fullName":"adaptive rep prescription decouples uncertain calibration from automatic AMRAP","status":"passed","title":"decouples uncertain calibration from automatic AMRAP","duration":0.05545800000001577,"failureMessages":[],"meta":{}},{"ancestorTitles":["adaptive rep prescription"],"fullName":"adaptive rep prescription reduces confidence for name fallback and ambiguous goal/exercise pairings","status":"passed","title":"reduces confidence for name fallback and ambiguous goal/exercise pairings","duration":0.07487499999999159,"failureMessages":[],"meta":{}},{"ancestorTitles":["adaptive rep prescription"],"fullName":"adaptive rep prescription prefers provided metadata over name fallback","status":"passed","title":"prefers provided metadata over name fallback","duration":0.04162500000001046,"failureMessages":[],"meta":{}},{"ancestorTitles":["adaptive rep prescription"],"fullName":"adaptive rep prescription falls back safely for unsupported exercises","status":"passed","title":"falls back safely for unsupported exercises","duration":0.06083399999999983,"failureMessages":[],"meta":{}},{"ancestorTitles":["adaptive rep prescription"],"fullName":"adaptive rep prescription keeps short reasons compact","status":"passed","title":"keeps short reasons compact","duration":0.13191699999998718,"failureMessages":[],"meta":{}},{"ancestorTitles":["adaptive rep prescription"],"fullName":"adaptive rep prescription runs synchronously without network, async work, or history scans","status":"passed","title":"runs synchronously without network, async work, or history scans","duration":1.2219580000000008,"failureMessages":[],"meta":{}}],"startTime":1784024423653,"endTime":1784024423659.222,"status":"passed","message":"","name":"/Users/aaronparry/Documents/Bodybuilding App/tests/adaptive-rep-prescription.test.ts"},{"assertionResults":[{"ancestorTitles":["adaptive set allocation"],"fullName":"adaptive set allocation cannot stop before the minimum prescribed sets","status":"passed","title":"cannot stop before the minimum prescribed sets","duration":1.1846249999999827,"failureMessages":[],"meta":{}},{"ancestorTitles":["adaptive set allocation"],"fullName":"adaptive set allocation stops after minimum sets when high-fatigue quality work is achieved","status":"passed","title":"stops after minimum sets when high-fatigue quality work is achieved","duration":0.4214580000000012,"failureMessages":[],"meta":{}},{"ancestorTitles":["adaptive set allocation"],"fullName":"adaptive set allocation recommends one more set when useful stimulus remains","status":"passed","title":"recommends one more set when useful stimulus remains","duration":0.1262920000000065,"failureMessages":[],"meta":{}},{"ancestorTitles":["adaptive set allocation"],"fullName":"adaptive set allocation returns max_reached at the prescribed maximum and never exceeds max sets","status":"passed","title":"returns max_reached at the prescribed maximum and never exceeds max sets","duration":0.14554200000000606,"failureMessages":[],"meta":{}},{"ancestorTitles":["adaptive set allocation"],"fullName":"adaptive set allocation stops instead of adding junk volume after same-load below-minimum evidence","status":"passed","title":"stops instead of adding junk volume after same-load below-minimum evidence","duration":0.17745800000000145,"failureMessages":[],"meta":{}},{"ancestorTitles":["adaptive set allocation"],"fullName":"adaptive set allocation does not punish productive heavier-load fatigue inside the target range","status":"passed","title":"does not punish productive heavier-load fatigue inside the target range","duration":0.1925420000000031,"failureMessages":[],"meta":{}},{"ancestorTitles":["adaptive set allocation"],"fullName":"adaptive set allocation respects shutdown and drop-off stop rules","status":"passed","title":"respects shutdown and drop-off stop rules","duration":0.15850000000000364,"failureMessages":[],"meta":{}},{"ancestorTitles":["adaptive set allocation"],"fullName":"adaptive set allocation lets low-fatigue isolation continue when quality remains high","status":"passed","title":"lets low-fatigue isolation continue when quality remains high","duration":0.12204199999999332,"failureMessages":[],"meta":{}},{"ancestorTitles":["adaptive set allocation"],"fullName":"adaptive set allocation allows 2-4 sets to stop at 2, recommend 3, or go to 4 when justified","status":"passed","title":"allows 2-4 sets to stop at 2, recommend 3, or go to 4 when justified","duration":0.4452919999999949,"failureMessages":[],"meta":{}},{"ancestorTitles":["adaptive set allocation"],"fullName":"adaptive set allocation handles 2-5 and 3-5 ranges without exceeding the prescribed maximum","status":"passed","title":"handles 2-5 and 3-5 ranges without exceeding the prescribed maximum","duration":0.16908300000000054,"failureMessages":[],"meta":{}},{"ancestorTitles":["adaptive set allocation"],"fullName":"adaptive set allocation handles duration exercises using seconds without converting to fake reps","status":"passed","title":"handles duration exercises using seconds without converting to fake reps","duration":0.10699999999999932,"failureMessages":[],"meta":{}},{"ancestorTitles":["adaptive set allocation"],"fullName":"adaptive set allocation keeps user-facing reasons compact","status":"passed","title":"keeps user-facing reasons compact","duration":0.08333399999997937,"failureMessages":[],"meta":{}},{"ancestorTitles":["adaptive set allocation"],"fullName":"adaptive set allocation does not call network, scan history, or mutate logged sets","status":"passed","title":"does not call network, scan history, or mutate logged sets","duration":0.45812499999999545,"failureMessages":[],"meta":{}},{"ancestorTitles":["adaptive set allocation"],"fullName":"adaptive set allocation does not treat two easy top-range sets as automatically complete when prescription intent needs verification","status":"passed","title":"does not treat two easy top-range sets as automatically complete when prescription intent needs verification","duration":0.09437499999998522,"failureMessages":[],"meta":{}},{"ancestorTitles":["adaptive set allocation"],"fullName":"adaptive set allocation runs synchronously with negligible local overhead","status":"passed","title":"runs synchronously with negligible local overhead","duration":12.59937499999998,"failureMessages":[],"meta":{}}],"startTime":1784024422601,"endTime":1784024422617.5994,"status":"passed","message":"","name":"/Users/aaronparry/Documents/Bodybuilding App/tests/adaptive-set-allocation.test.ts"},{"assertionResults":[{"ancestorTitles":["adaptive stimulus delivery"],"fullName":"adaptive stimulus delivery preserves strength competition anchors","status":"passed","title":"preserves strength competition anchors","duration":1.6622500000000002,"failureMessages":[],"meta":{}},{"ancestorTitles":["adaptive stimulus delivery"],"fullName":"adaptive stimulus delivery uses efficient hypertrophy delivery without random variety","status":"passed","title":"uses efficient hypertrophy delivery without random variety","duration":0.44549999999998136,"failureMessages":[],"meta":{}},{"ancestorTitles":["adaptive stimulus delivery"],"fullName":"adaptive stimulus delivery does not automatically prefer machines for every stimulus","status":"passed","title":"does not automatically prefer machines for every stimulus","duration":0.25416699999999537,"failureMessages":[],"meta":{}},{"ancestorTitles":["adaptive stimulus delivery"],"fullName":"adaptive stimulus delivery reduces axial loading when low-back fatigue affects non-required anchors","status":"passed","title":"reduces axial loading when low-back fatigue affects non-required anchors","duration":0.2130420000000015,"failureMessages":[],"meta":{}},{"ancestorTitles":["adaptive stimulus delivery"],"fullName":"adaptive stimulus delivery changes pressing delivery under shoulder irritation","status":"passed","title":"changes pressing delivery under shoulder irritation","duration":0.1909159999999872,"failureMessages":[],"meta":{}},{"ancestorTitles":["adaptive stimulus delivery"],"fullName":"adaptive stimulus delivery keeps athletic performance power work as power movement delivery","status":"passed","title":"keeps athletic performance power work as power movement delivery","duration":0.14337499999999181,"failureMessages":[],"meta":{}},{"ancestorTitles":["adaptive stimulus delivery"],"fullName":"adaptive stimulus delivery preserves strength quality for get lean while controlling support fatigue","status":"passed","title":"preserves strength quality for get lean while controlling support fatigue","duration":0.16945900000001757,"failureMessages":[],"meta":{}},{"ancestorTitles":["adaptive stimulus delivery"],"fullName":"adaptive stimulus delivery keeps maintenance delivery economical","status":"passed","title":"keeps maintenance delivery economical","duration":0.17641700000001492,"failureMessages":[],"meta":{}},{"ancestorTitles":["adaptive stimulus delivery"],"fullName":"adaptive stimulus delivery generates acceptable alternatives for every decision","status":"passed","title":"generates acceptable alternatives for every decision","duration":0.26145800000000463,"failureMessages":[],"meta":{}},{"ancestorTitles":["adaptive stimulus delivery"],"fullName":"adaptive stimulus delivery honours preferred exercises only when they fit the coaching reason","status":"passed","title":"honours preferred exercises only when they fit the coaching reason","duration":0.10962499999999409,"failureMessages":[],"meta":{}},{"ancestorTitles":["adaptive stimulus delivery"],"fullName":"adaptive stimulus delivery is deterministic, local, and complete","status":"passed","title":"is deterministic, local, and complete","duration":0.7076250000000073,"failureMessages":[],"meta":{}}],"startTime":1784024424119,"endTime":1784024424123.7075,"status":"passed","message":"","name":"/Users/aaronparry/Documents/Bodybuilding App/tests/adaptive-stimulus-delivery.test.ts"},{"assertionResults":[{"ancestorTitles":["adaptive stimulus planner"],"fullName":"adaptive stimulus planner prioritises competition-specific strength stimuli and removes optional junk in strength peak","status":"passed","title":"prioritises competition-specific strength stimuli and removes optional junk in strength peak","duration":1.9175419999999974,"failureMessages":[],"meta":{}},{"ancestorTitles":["adaptive stimulus planner"],"fullName":"adaptive stimulus planner keeps competition anchors plus support stimulus during strength accumulation","status":"passed","title":"keeps competition anchors plus support stimulus during strength accumulation","duration":0.30529200000000856,"failureMessages":[],"meta":{}},{"ancestorTitles":["adaptive stimulus planner"],"fullName":"adaptive stimulus planner hypertrophy push outputs chest, triceps, and delt stimuli instead of exercise names","status":"passed","title":"hypertrophy push outputs chest, triceps, and delt stimuli instead of exercise names","duration":0.2245409999999879,"failureMessages":[],"meta":{}},{"ancestorTitles":["adaptive stimulus planner"],"fullName":"adaptive stimulus planner hypertrophy legs includes quad, hamstring, and glute stimuli","status":"passed","title":"hypertrophy legs includes quad, hamstring, and glute stimuli","duration":0.11108400000000529,"failureMessages":[],"meta":{}},{"ancestorTitles":["adaptive stimulus planner"],"fullName":"adaptive stimulus planner build muscle + strength preserves heavy compound anchors plus hypertrophy support","status":"passed","title":"build muscle + strength preserves heavy compound anchors plus hypertrophy support","duration":0.3719159999999988,"failureMessages":[],"meta":{}},{"ancestorTitles":["adaptive stimulus planner"],"fullName":"adaptive stimulus planner athletic performance power session prioritises power and speed stimuli","status":"passed","title":"athletic performance power session prioritises power and speed stimuli","duration":0.20570900000001302,"failureMessages":[],"meta":{}},{"ancestorTitles":["adaptive stimulus planner"],"fullName":"adaptive stimulus planner get lean with poor recovery conserves stress and preserves quality work","status":"passed","title":"get lean with poor recovery conserves stress and preserves quality work","duration":0.11266600000001858,"failureMessages":[],"meta":{}},{"ancestorTitles":["adaptive stimulus planner"],"fullName":"adaptive stimulus planner maintenance preserves key movement patterns without aggressive extras","status":"passed","title":"maintenance preserves key movement patterns without aggressive extras","duration":0.14995799999999804,"failureMessages":[],"meta":{}},{"ancestorTitles":["adaptive stimulus planner"],"fullName":"adaptive stimulus planner deload outputs recovery, skill, and low-stress maintenance","status":"passed","title":"deload outputs recovery, skill, and low-stress maintenance","duration":0.34191700000002356,"failureMessages":[],"meta":{}},{"ancestorTitles":["adaptive stimulus planner"],"fullName":"adaptive stimulus planner low-back fatigue constrains high axial hinge and squat stimuli","status":"passed","title":"low-back fatigue constrains high axial hinge and squat stimuli","duration":0.227958000000001,"failureMessages":[],"meta":{}},{"ancestorTitles":["adaptive stimulus planner"],"fullName":"adaptive stimulus planner shoulder irritation constrains pressing and overhead stimuli","status":"passed","title":"shoulder irritation constrains pressing and overhead stimuli","duration":0.15887499999999477,"failureMessages":[],"meta":{}},{"ancestorTitles":["adaptive stimulus planner"],"fullName":"adaptive stimulus planner time limited trims optional stimuli first","status":"passed","title":"time limited trims optional stimuli first","duration":0.1529999999999916,"failureMessages":[],"meta":{}},{"ancestorTitles":["adaptive stimulus planner"],"fullName":"adaptive stimulus planner can consume Cycle Strategy Context without global wiring","status":"passed","title":"can consume Cycle Strategy Context without global wiring","duration":0.21712500000001,"failureMessages":[],"meta":{}},{"ancestorTitles":["adaptive stimulus planner"],"fullName":"adaptive stimulus planner is deterministic, local, compact, and complete","status":"passed","title":"is deterministic, local, compact, and complete","duration":0.4732500000000073,"failureMessages":[],"meta":{}}],"startTime":1784024423061,"endTime":1784024423065.4731,"status":"passed","message":"","name":"/Users/aaronparry/Documents/Bodybuilding App/tests/adaptive-stimulus-planner.test.ts"},{"assertionResults":[{"ancestorTitles":["adaptive training state architecture"],"fullName":"adaptive training state architecture defines the five internal training states","status":"passed","title":"defines the five internal training states","duration":0.87824999999998,"failureMessages":[],"meta":{}},{"ancestorTitles":["adaptive training state architecture"],"fullName":"adaptive training state architecture gives every state minimum and maximum exposure rules plus criteria","status":"passed","title":"gives every state minimum and maximum exposure rules plus criteria","duration":0.692750000000018,"failureMessages":[],"meta":{}},{"ancestorTitles":["adaptive training state architecture"],"fullName":"adaptive training state architecture uses traditional block names as emphasis hints, not primary structure","status":"passed","title":"uses traditional block names as emphasis hints, not primary structure","duration":0.6836250000000064,"failureMessages":[],"meta":{}},{"ancestorTitles":["adaptive training state architecture"],"fullName":"adaptive training state architecture prevents flip-flopping before minimum exposure is satisfied","status":"passed","title":"prevents flip-flopping before minimum exposure is satisfied","duration":0.20554100000001085,"failureMessages":[],"meta":{}},{"ancestorTitles":["adaptive training state architecture"],"fullName":"adaptive training state architecture allows evidence-based state review after minimum exposure and confidence threshold","status":"passed","title":"allows evidence-based state review after minimum exposure and confidence threshold","duration":0.13912499999997863,"failureMessages":[],"meta":{}},{"ancestorTitles":["adaptive training state architecture"],"fullName":"adaptive training state architecture forces escalation when a state reaches maximum exposure","status":"passed","title":"forces escalation when a state reaches maximum exposure","duration":0.10070899999999483,"failureMessages":[],"meta":{}},{"ancestorTitles":["adaptive training state architecture"],"fullName":"adaptive training state architecture prevents Foundation or Accumulation continuing indefinitely","status":"passed","title":"prevents Foundation or Accumulation continuing indefinitely","duration":0.08500000000000796,"failureMessages":[],"meta":{}},{"ancestorTitles":["adaptive training state architecture"],"fullName":"adaptive training state architecture uses fallback criteria when recovery and completion evidence deteriorate","status":"passed","title":"uses fallback criteria when recovery and completion evidence deteriorate","duration":0.06212500000000887,"failureMessages":[],"meta":{}},{"ancestorTitles":["adaptive training state architecture"],"fullName":"adaptive training state architecture keeps low-confidence evidence from forcing a state change","status":"passed","title":"keeps low-confidence evidence from forcing a state change","duration":0.1999580000000094,"failureMessages":[],"meta":{}},{"ancestorTitles":["adaptive training state architecture"],"fullName":"adaptive training state architecture does not implement the future session PR or progress recognition system","status":"passed","title":"does not implement the future session PR or progress recognition system","duration":0.21633399999998915,"failureMessages":[],"meta":{}},{"ancestorTitles":["adaptive training state architecture"],"fullName":"adaptive training state architecture is deterministic and does not use network, storage, or async work","status":"passed","title":"is deterministic and does not use network, storage, or async work","duration":1.4623339999999985,"failureMessages":[],"meta":{}}],"startTime":1784024424769,"endTime":1784024424774.4624,"status":"passed","message":"","name":"/Users/aaronparry/Documents/Bodybuilding App/tests/adaptive-training-state.test.ts"},{"assertionResults":[{"ancestorTitles":["advanced reporting"],"fullName":"advanced reporting builds a Strength Report from primary lift history","status":"passed","title":"builds a Strength Report from primary lift history","duration":5.134791999999948,"failureMessages":[],"meta":{}},{"ancestorTitles":["advanced reporting"],"fullName":"advanced reporting builds a Volume Report while excluding warm-ups, cardio, and removed future rows","status":"passed","title":"builds a Volume Report while excluding warm-ups, cardio, and removed future rows","duration":2.5773750000000177,"failureMessages":[],"meta":{}},{"ancestorTitles":["advanced reporting"],"fullName":"advanced reporting builds a Recovery & Capacity Report from cardio logs and weekly targets","status":"passed","title":"builds a Recovery & Capacity Report from cardio logs and weekly targets","duration":5.389334000000019,"failureMessages":[],"meta":{}},{"ancestorTitles":["advanced reporting"],"fullName":"advanced reporting builds a Consistency Report from planned workout completion","status":"passed","title":"builds a Consistency Report from planned workout completion","duration":0.9202080000000024,"failureMessages":[],"meta":{}},{"ancestorTitles":["advanced reporting"],"fullName":"advanced reporting uses building-data copy when history is insufficient","status":"passed","title":"uses building-data copy when history is insufficient","duration":0.4507910000000379,"failureMessages":[],"meta":{}}],"startTime":1784024421861,"endTime":1784024421875.4507,"status":"passed","message":"","name":"/Users/aaronparry/Documents/Bodybuilding App/tests/advanced-reporting.test.ts"},{"assertionResults":[{"ancestorTitles":["Analytics planning context"],"fullName":"Analytics planning context uses the current mesocycle, microcycle, and session role without reading legacy block metadata","status":"passed","title":"uses the current mesocycle, microcycle, and session role without reading legacy block metadata","duration":2.9253750000000025,"failureMessages":[],"meta":{}},{"ancestorTitles":["Analytics planning context"],"fullName":"Analytics planning context returns an explicit no-plan state rather than inventing annual context","status":"passed","title":"returns an explicit no-plan state rather than inventing annual context","duration":0.178875000000005,"failureMessages":[],"meta":{}},{"ancestorTitles":["Analytics planning context"],"fullName":"Analytics planning context marks older plans as compatibility context without promoting their block metadata","status":"passed","title":"marks older plans as compatibility context without promoting their block metadata","duration":0.29750000000001364,"failureMessages":[],"meta":{}}],"startTime":1784024423927,"endTime":1784024423930.2976,"status":"passed","message":"","name":"/Users/aaronparry/Documents/Bodybuilding App/tests/analytics-planning-context.test.ts"},{"assertionResults":[{"ancestorTitles":["Analytics and reporting isolation"],"fullName":"Analytics and reporting isolation keeps Analytics read-only with respect to plan and training-year authority","status":"passed","title":"keeps Analytics read-only with respect to plan and training-year authority","duration":1.286042000000009,"failureMessages":[],"meta":{}},{"ancestorTitles":["Analytics and reporting isolation"],"fullName":"Analytics and reporting isolation keeps reporting as an aggregation layer without a TrainingBlock input","status":"passed","title":"keeps reporting as an aggregation layer without a TrainingBlock input","duration":0.4839580000000012,"failureMessages":[],"meta":{}}],"startTime":1784024427205,"endTime":1784024427207.484,"status":"passed","message":"","name":"/Users/aaronparry/Documents/Bodybuilding App/tests/analytics-reporting-isolation.test.ts"},{"assertionResults":[{"ancestorTitles":["analytics utilities"],"fullName":"analytics utilities calculates weekly volume and estimated volume load","status":"passed","title":"calculates weekly volume and estimated volume load","duration":2.4872500000000173,"failureMessages":[],"meta":{}},{"ancestorTitles":["analytics utilities"],"fullName":"analytics utilities calculates muscle group sets from exercise metadata","status":"passed","title":"calculates muscle group sets from exercise metadata","duration":0.32337499999999864,"failureMessages":[],"meta":{}},{"ancestorTitles":["analytics utilities"],"fullName":"analytics utilities calculates exercise frequency and exercise analytics","status":"passed","title":"calculates exercise frequency and exercise analytics","duration":0.47237499999999955,"failureMessages":[],"meta":{}},{"ancestorTitles":["analytics utilities"],"fullName":"analytics utilities builds dashboard insights and adherence","status":"passed","title":"builds dashboard insights and adherence","duration":0.7970420000000047,"failureMessages":[],"meta":{}}],"startTime":1784024424458,"endTime":1784024424461.797,"status":"passed","message":"","name":"/Users/aaronparry/Documents/Bodybuilding App/tests/analytics.test.ts"},{"assertionResults":[{"ancestorTitles":["annual autoregulation planning"],"fullName":"annual autoregulation planning uses hypertrophy block defaults","status":"passed","title":"uses hypertrophy block defaults","duration":0.8164590000000089,"failureMessages":[],"meta":{}},{"ancestorTitles":["annual autoregulation planning"],"fullName":"annual autoregulation planning uses strength block defaults","status":"passed","title":"uses strength block defaults","duration":0.18954199999998878,"failureMessages":[],"meta":{}},{"ancestorTitles":["annual autoregulation planning"],"fullName":"annual autoregulation planning creates the natural lifter annual block sequence","status":"passed","title":"creates the natural lifter annual block sequence","duration":0.14462499999999068,"failureMessages":[],"meta":{}},{"ancestorTitles":["annual autoregulation planning"],"fullName":"annual autoregulation planning keeps every block hypertrophy-first enough to retain muscle work","status":"passed","title":"keeps every block hypertrophy-first enough to retain muscle work","duration":0.2568339999999978,"failureMessages":[],"meta":{}},{"ancestorTitles":["annual autoregulation planning"],"fullName":"annual autoregulation planning models powerbuilding as strength plus hypertrophy","status":"passed","title":"models powerbuilding as strength plus hypertrophy","duration":0.16862500000002,"failureMessages":[],"meta":{}},{"ancestorTitles":["annual autoregulation planning"],"fullName":"annual autoregulation planning models strength and power blocks with hypertrophy accessories","status":"passed","title":"models strength and power blocks with hypertrophy accessories","duration":0.4890000000000043,"failureMessages":[],"meta":{}},{"ancestorTitles":["annual autoregulation planning"],"fullName":"annual autoregulation planning treats rising quality sets as emergent volume","status":"passed","title":"treats rising quality sets as emergent volume","duration":0.23733299999997826,"failureMessages":[],"meta":{}},{"ancestorTitles":["annual autoregulation planning"],"fullName":"annual autoregulation planning detects a best-set deload trigger after a meaningful drop","status":"passed","title":"detects a best-set deload trigger after a meaningful drop","duration":0.18983299999999304,"failureMessages":[],"meta":{}},{"ancestorTitles":["annual autoregulation planning"],"fullName":"annual autoregulation planning detects quality set collapse","status":"passed","title":"detects quality set collapse","duration":0.5074999999999932,"failureMessages":[],"meta":{}},{"ancestorTitles":["annual autoregulation planning"],"fullName":"annual autoregulation planning does not recommend deload from one weak signal","status":"passed","title":"does not recommend deload from one weak signal","duration":0.32187499999997726,"failureMessages":[],"meta":{}},{"ancestorTitles":["annual autoregulation planning"],"fullName":"annual autoregulation planning recommends a deload when multiple fatigue signals align","status":"passed","title":"recommends a deload when multiple fatigue signals align","duration":0.3166659999999979,"failureMessages":[],"meta":{}}],"startTime":1784024425196,"endTime":1784024425199.3218,"status":"passed","message":"","name":"/Users/aaronparry/Documents/Bodybuilding App/tests/annual-planning.test.ts"},{"assertionResults":[{"ancestorTitles":["app environment"],"fullName":"app environment normalizes known app environments","status":"passed","title":"normalizes known app environments","duration":0.5600420000000099,"failureMessages":[],"meta":{}},{"ancestorTitles":["app environment"],"fullName":"app environment falls back unknown environment values to development","status":"passed","title":"falls back unknown environment values to development","duration":0.13087500000000318,"failureMessages":[],"meta":{}},{"ancestorTitles":["app environment"],"fullName":"app environment only allows Design QA Mode outside production","status":"passed","title":"only allows Design QA Mode outside production","duration":0.07579200000000696,"failureMessages":[],"meta":{}},{"ancestorTitles":["app environment"],"fullName":"app environment treats only non-production builds as internal runtime","status":"passed","title":"treats only non-production builds as internal runtime","duration":0.11404200000001197,"failureMessages":[],"meta":{}},{"ancestorTitles":["app environment"],"fullName":"app environment enables V3 active workout validation flags for internal profiles and the production release candidate","status":"passed","title":"enables V3 active workout validation flags for internal profiles and the production release candidate","duration":0.6788329999999974,"failureMessages":[],"meta":{}},{"ancestorTitles":["app environment"],"fullName":"app environment keeps the V3 Train-screen status indicator internal-only even when production V3 is enabled","status":"passed","title":"keeps the V3 Train-screen status indicator internal-only even when production V3 is enabled","duration":0.44566699999998605,"failureMessages":[],"meta":{}}],"startTime":1784024425570,"endTime":1784024425572.4456,"status":"passed","message":"","name":"/Users/aaronparry/Documents/Bodybuilding App/tests/app-environment.test.ts"},{"assertionResults":[{"ancestorTitles":["app icon configuration"],"fullName":"app icon configuration uses the Adaptive Strength Coach icon for Expo and iOS","status":"passed","title":"uses the Adaptive Strength Coach icon for Expo and iOS","duration":0.622540999999984,"failureMessages":[],"meta":{}},{"ancestorTitles":["app icon configuration"],"fullName":"app icon configuration keeps the native iOS AppIcon synced to the branded source icon","status":"passed","title":"keeps the native iOS AppIcon synced to the branded source icon","duration":2.4307079999999814,"failureMessages":[],"meta":{}},{"ancestorTitles":["app icon configuration"],"fullName":"app icon configuration does not keep the placeholder native iOS bundle identifier","status":"passed","title":"does not keep the placeholder native iOS bundle identifier","duration":0.9372090000000242,"failureMessages":[],"meta":{}}],"startTime":1784024424807,"endTime":1784024424810.9373,"status":"passed","message":"","name":"/Users/aaronparry/Documents/Bodybuilding App/tests/app-icon-config.test.ts"},{"assertionResults":[{"ancestorTitles":["app review prompt timing"],"fullName":"app review prompt timing does not allow a review prompt on first launch or before value is delivered","status":"passed","title":"does not allow a review prompt on first launch or before value is delivered","duration":0.8676250000000039,"failureMessages":[],"meta":{}},{"ancestorTitles":["app review prompt timing"],"fullName":"app review prompt timing does not prompt during onboarding","status":"passed","title":"does not prompt during onboarding","duration":0.34412499999999113,"failureMessages":[],"meta":{}},{"ancestorTitles":["app review prompt timing"],"fullName":"app review prompt timing does not prompt after paywall, trial, restore, or subscription flows","status":"passed","title":"does not prompt after paywall, trial, restore, or subscription flows","duration":0.077666000000022,"failureMessages":[],"meta":{}},{"ancestorTitles":["app review prompt timing"],"fullName":"app review prompt timing does not prompt after a failed workout, missed range, recovery warning, crash, or offline/error session","status":"passed","title":"does not prompt after a failed workout, missed range, recovery warning, crash, or offline/error session","duration":0.14416599999998425,"failureMessages":[],"meta":{}},{"ancestorTitles":["app review prompt timing"],"fullName":"app review prompt timing allows a prompt after five completed planned workouts","status":"passed","title":"allows a prompt after five completed planned workouts","duration":0.16333300000002282,"failureMessages":[],"meta":{}},{"ancestorTitles":["app review prompt timing"],"fullName":"app review prompt timing allows a prompt after the first PR","status":"passed","title":"allows a prompt after the first PR","duration":0.07554200000001288,"failureMessages":[],"meta":{}},{"ancestorTitles":["app review prompt timing"],"fullName":"app review prompt timing allows a prompt after the first completed training week","status":"passed","title":"allows a prompt after the first completed training week","duration":0.05012500000000841,"failureMessages":[],"meta":{}},{"ancestorTitles":["app review prompt timing"],"fullName":"app review prompt timing suppresses prompts if the user was prompted within 30 days","status":"passed","title":"suppresses prompts if the user was prompted within 30 days","duration":6.2879999999999825,"failureMessages":[],"meta":{}},{"ancestorTitles":["app review prompt timing"],"fullName":"app review prompt timing persists prompt history across store reads and cache resets","status":"passed","title":"persists prompt history across store reads and cache resets","duration":0.7979579999999942,"failureMessages":[],"meta":{}},{"ancestorTitles":["app review prompt timing"],"fullName":"app review prompt timing fails silently and does not record a prompt when native review is unavailable","status":"passed","title":"fails silently and does not record a prompt when native review is unavailable","duration":0.17574999999999363,"failureMessages":[],"meta":{}},{"ancestorTitles":["app review prompt timing"],"fullName":"app review prompt timing records prompt history when the native review request is attempted","status":"passed","title":"records prompt history when the native review request is attempted","duration":0.08062499999999773,"failureMessages":[],"meta":{}}],"startTime":1784024423286,"endTime":1784024423295.1758,"status":"passed","message":"","name":"/Users/aaronparry/Documents/Bodybuilding App/tests/app-review-prompt.test.ts"},{"assertionResults":[{"ancestorTitles":["app settings"],"fullName":"app settings returns a stable external-store snapshot between writes","status":"passed","title":"returns a stable external-store snapshot between writes","duration":1.497917000000001,"failureMessages":[],"meta":{}},{"ancestorTitles":["app settings"],"fullName":"app settings normalizes training defaults into safe ranges","status":"passed","title":"normalizes training defaults into safe ranges","duration":0.3572080000000142,"failureMessages":[],"meta":{}},{"ancestorTitles":["app settings"],"fullName":"app settings turns user settings into progression defaults","status":"passed","title":"turns user settings into progression defaults","duration":0.47391600000000267,"failureMessages":[],"meta":{}},{"ancestorTitles":["app settings"],"fullName":"app settings resolves workout settings with programme rep prescription before block defaults","status":"passed","title":"resolves workout settings with programme rep prescription before block defaults","duration":0.5126659999999958,"failureMessages":[],"meta":{}},{"ancestorTitles":["app settings"],"fullName":"app settings resolves workout load increment from equipment profile when no programme slot overrides it","status":"passed","title":"resolves workout load increment from equipment profile when no programme slot overrides it","duration":0.20266700000001947,"failureMessages":[],"meta":{}}],"startTime":1784024424291,"endTime":1784024424294.5127,"status":"passed","message":"","name":"/Users/aaronparry/Documents/Bodybuilding App/tests/app-settings.test.ts"},{"assertionResults":[{"ancestorTitles":["benchmark session review pack"],"fullName":"benchmark session review pack builds the summary from all complete V2 benchmark sessions","status":"passed","title":"builds the summary from all complete V2 benchmark sessions","duration":9.578417000000002,"failureMessages":[],"meta":{}},{"ancestorTitles":["benchmark session review pack"],"fullName":"benchmark session review pack renders every session as a browser-openable static review card","status":"passed","title":"renders every session as a browser-openable static review card","duration":7.974249999999984,"failureMessages":[],"meta":{}},{"ancestorTitles":["benchmark session review pack"],"fullName":"benchmark session review pack shows session header, coach intent, stimuli, delivery, prescription, and review fields","status":"passed","title":"shows session header, coach intent, stimuli, delivery, prescription, and review fields","duration":8.521874999999994,"failureMessages":[],"meta":{}},{"ancestorTitles":["benchmark session review pack"],"fullName":"benchmark session review pack highlights all requested flag categories","status":"passed","title":"highlights all requested flag categories","duration":7.86737500000001,"failureMessages":[],"meta":{}},{"ancestorTitles":["benchmark session review pack"],"fullName":"benchmark session review pack writes the review pack without app, Expo, server, or network dependencies","status":"passed","title":"writes the review pack without app, Expo, server, or network dependencies","duration":6.009500000000003,"failureMessages":[],"meta":{}}],"startTime":1784024422069,"endTime":1784024422109.0095,"status":"passed","message":"","name":"/Users/aaronparry/Documents/Bodybuilding App/tests/benchmark-session-review-pack.test.ts"},{"assertionResults":[{"ancestorTitles":["block progress score"],"fullName":"block progress score scores strong hypertrophy logbook improvement as strong progress","status":"passed","title":"scores strong hypertrophy logbook improvement as strong progress","duration":2.162583000000012,"failureMessages":[],"meta":{}},{"ancestorTitles":["block progress score"],"fullName":"block progress score treats maintained performance with increased volume as useful or strong hypertrophy progress","status":"passed","title":"treats maintained performance with increased volume as useful or strong hypertrophy progress","duration":0.4945419999999956,"failureMessages":[],"meta":{}},{"ancestorTitles":["block progress score"],"fullName":"block progress score scores strength main lift improvement as strong progress","status":"passed","title":"scores strength main lift improvement as strong progress","duration":0.14208300000001373,"failureMessages":[],"meta":{}},{"ancestorTitles":["block progress score"],"fullName":"block progress score penalises concurrent development when strength crashes despite hypertrophy improvement","status":"passed","title":"penalises concurrent development when strength crashes despite hypertrophy improvement","duration":0.9081660000000227,"failureMessages":[],"meta":{}},{"ancestorTitles":["block progress score"],"fullName":"block progress score scores preservation blocks useful or strong when strength and muscle-building performance are maintained","status":"passed","title":"scores preservation blocks useful or strong when strength and muscle-building performance are maintained","duration":0.28649999999998954,"failureMessages":[],"meta":{}},{"ancestorTitles":["block progress score"],"fullName":"block progress score scores regression trends as regression or poor progress","status":"passed","title":"scores regression trends as regression or poor progress","duration":0.13291599999999448,"failureMessages":[],"meta":{}},{"ancestorTitles":["block progress score"],"fullName":"block progress score lowers evidence quality for missing or noisy data","status":"passed","title":"lowers evidence quality for missing or noisy data","duration":0.07525000000001114,"failureMessages":[],"meta":{}},{"ancestorTitles":["block progress score"],"fullName":"block progress score missed sessions lower completion score","status":"passed","title":"missed sessions lower completion score","duration":0.12583300000000008,"failureMessages":[],"meta":{}},{"ancestorTitles":["block progress score"],"fullName":"block progress score unknown trends return unclear neutral rather than pretending progress","status":"passed","title":"unknown trends return unclear neutral rather than pretending progress","duration":0.1942499999999825,"failureMessages":[],"meta":{}},{"ancestorTitles":["block progress score"],"fullName":"block progress score clamps scores to 0-100","status":"passed","title":"clamps scores to 0-100","duration":0.12108299999999872,"failureMessages":[],"meta":{}},{"ancestorTitles":["block progress score"],"fullName":"block progress score is deterministic and does not implement fatigue or next-block decision logic","status":"passed","title":"is deterministic and does not implement fatigue or next-block decision logic","duration":0.4782080000000235,"failureMessages":[],"meta":{}}],"startTime":1784024423433,"endTime":1784024423439.4783,"status":"passed","message":"","name":"/Users/aaronparry/Documents/Bodybuilding App/tests/block-progress-score.test.ts"},{"assertionResults":[{"ancestorTitles":["block review planning rules"],"fullName":"block review planning rules keeps continuous development reviews evidence-driven","status":"passed","title":"keeps continuous development reviews evidence-driven","duration":1.086541000000011,"failureMessages":[],"meta":{}},{"ancestorTitles":["block review planning rules"],"fullName":"block review planning rules allows continuous review paths without letting the calendar force them","status":"passed","title":"allows continuous review paths without letting the calendar force them","duration":0.27933300000000827,"failureMessages":[],"meta":{}},{"ancestorTitles":["block review planning rules"],"fullName":"block review planning rules protects mandatory powerlifting meet phases","status":"passed","title":"protects mandatory powerlifting meet phases","duration":4.875958999999995,"failureMessages":[],"meta":{}},{"ancestorTitles":["block review planning rules"],"fullName":"block review planning rules treats event-driven powerlifting as event-constrained even when inferred from the event plan","status":"passed","title":"treats event-driven powerlifting as event-constrained even when inferred from the event plan","duration":0.4242500000000007,"failureMessages":[],"meta":{}},{"ancestorTitles":["block review planning rules"],"fullName":"block review planning rules returns manual planning for unsupported event types","status":"passed","title":"returns manual planning for unsupported event types","duration":0.08237499999998477,"failureMessages":[],"meta":{}},{"ancestorTitles":["block review planning rules"],"fullName":"block review planning rules does not implement the actual block review decision yet","status":"passed","title":"does not implement the actual block review decision yet","duration":0.21675000000001887,"failureMessages":[],"meta":{}},{"ancestorTitles":["block review planning rules"],"fullName":"block review planning rules is deterministic and does not use network, storage, or async work","status":"passed","title":"is deterministic and does not use network, storage, or async work","duration":0.18387500000000045,"failureMessages":[],"meta":{}}],"startTime":1784024424847,"endTime":1784024424854.2168,"status":"passed","message":"","name":"/Users/aaronparry/Documents/Bodybuilding App/tests/block-review-rules.test.ts"},{"assertionResults":[{"ancestorTitles":["initial block strategy"],"fullName":"initial block strategy maps Build Muscle to Hypertrophy Accumulation","status":"passed","title":"maps Build Muscle to Hypertrophy Accumulation","duration":1.106540999999993,"failureMessages":[],"meta":{}},{"ancestorTitles":["initial block strategy"],"fullName":"initial block strategy maps Get Stronger to Strength Accumulation","status":"passed","title":"maps Get Stronger to Strength Accumulation","duration":0.2276250000000175,"failureMessages":[],"meta":{}},{"ancestorTitles":["initial block strategy"],"fullName":"initial block strategy maps Build Muscle + Strength to Concurrent Development","status":"passed","title":"maps Build Muscle + Strength to Concurrent Development","duration":0.08745899999999551,"failureMessages":[],"meta":{}},{"ancestorTitles":["initial block strategy"],"fullName":"initial block strategy maps Athletic Performance to General Physical Preparation","status":"passed","title":"maps Athletic Performance to General Physical Preparation","duration":0.06479199999998286,"failureMessages":[],"meta":{}},{"ancestorTitles":["initial block strategy"],"fullName":"initial block strategy maps Lose Fat to Muscle & Strength Preservation","status":"passed","title":"maps Lose Fat to Muscle & Strength Preservation","duration":0.1908329999999978,"failureMessages":[],"meta":{}},{"ancestorTitles":["initial block strategy"],"fullName":"initial block strategy returns planning required for event-driven commitments","status":"passed","title":"returns planning required for event-driven commitments","duration":0.09104099999998994,"failureMessages":[],"meta":{}},{"ancestorTitles":["initial block strategy"],"fullName":"initial block strategy accepts current onboarding goal ids as compatibility aliases","status":"passed","title":"accepts current onboarding goal ids as compatibility aliases","duration":0.1293749999999818,"failureMessages":[],"meta":{}},{"ancestorTitles":["initial block strategy"],"fullName":"initial block strategy is deterministic","status":"passed","title":"is deterministic","duration":0.09337499999998045,"failureMessages":[],"meta":{}},{"ancestorTitles":["initial block strategy"],"fullName":"initial block strategy keeps review week reachable before the planned endpoint where possible","status":"passed","title":"keeps review week reachable before the planned endpoint where possible","duration":0.4167500000000075,"failureMessages":[],"meta":{}},{"ancestorTitles":["initial block strategy"],"fullName":"initial block strategy returns only block-strategy fields, not workout prescriptions","status":"passed","title":"returns only block-strategy fields, not workout prescriptions","duration":0.11595800000000622,"failureMessages":[],"meta":{}}],"startTime":1784024423685,"endTime":1784024423688.116,"status":"passed","message":"","name":"/Users/aaronparry/Documents/Bodybuilding App/tests/block-strategy.test.ts"},{"assertionResults":[{"ancestorTitles":["block training lanes"],"fullName":"block training lanes returns biased-blend lane composition for each block","status":"passed","title":"returns biased-blend lane composition for each block","duration":1.1975829999999803,"failureMessages":[],"meta":{}},{"ancestorTitles":["block training lanes"],"fullName":"block training lanes assigns lanes to planned exercise roles by block","status":"passed","title":"assigns lanes to planned exercise roles by block","duration":0.37170900000000984,"failureMessages":[],"meta":{}},{"ancestorTitles":["block training lanes"],"fullName":"block training lanes exposes lane-specific prescription constraints","status":"passed","title":"exposes lane-specific prescription constraints","duration":0.1133750000000191,"failureMessages":[],"meta":{}},{"ancestorTitles":["block training lanes"],"fullName":"block training lanes adds lane metadata to generated workouts","status":"passed","title":"adds lane metadata to generated workouts","duration":4.5315829999999835,"failureMessages":[],"meta":{}},{"ancestorTitles":["block training lanes"],"fullName":"block training lanes power and peak lanes keep heavy exposure budgets tighter than hypertrophy","status":"passed","title":"power and peak lanes keep heavy exposure budgets tighter than hypertrophy","duration":0.19870799999998212,"failureMessages":[],"meta":{}},{"ancestorTitles":["block training lanes"],"fullName":"block training lanes does not blindly reuse hypertrophy loads for strength targets","status":"passed","title":"does not blindly reuse hypertrophy loads for strength targets","duration":0.36558299999998667,"failureMessages":[],"meta":{}},{"ancestorTitles":["block training lanes"],"fullName":"block training lanes maps strength loads back to sensible hypertrophy targets","status":"passed","title":"maps strength loads back to sensible hypertrophy targets","duration":0.1607919999999865,"failureMessages":[],"meta":{}},{"ancestorTitles":["block training lanes"],"fullName":"block training lanes keeps unknown loads percentage-based because transition conversion needs work-set history","status":"passed","title":"keeps unknown loads percentage-based because transition conversion needs work-set history","duration":0.12154099999997925,"failureMessages":[],"meta":{}},{"ancestorTitles":["block training lanes"],"fullName":"block training lanes recalibrates exact-history starting loads through production resolver","status":"passed","title":"recalibrates exact-history starting loads through production resolver","duration":0.4395409999999913,"failureMessages":[],"meta":{}}],"startTime":1784024423005,"endTime":1784024423013.4395,"status":"passed","message":"","name":"/Users/aaronparry/Documents/Bodybuilding App/tests/block-training-lanes.test.ts"},{"assertionResults":[{"ancestorTitles":["cardio dose progression"],"fullName":"cardio dose progression suppresses user-facing dose suggestions when cardio is off","status":"passed","title":"suppresses user-facing dose suggestions when cardio is off","duration":0.6339579999999785,"failureMessages":[],"meta":{}},{"ancestorTitles":["cardio dose progression"],"fullName":"cardio dose progression keeps minimal mode quiet unless recovery evidence is clear","status":"passed","title":"keeps minimal mode quiet unless recovery evidence is clear","duration":0.2205419999999947,"failureMessages":[],"meta":{}},{"ancestorTitles":["cardio dose progression"],"fullName":"cardio dose progression starts low for muscle-building users","status":"passed","title":"starts low for muscle-building users","duration":0.08783300000001759,"failureMessages":[],"meta":{}},{"ancestorTitles":["cardio dose progression"],"fullName":"cardio dose progression progresses duration before frequency","status":"passed","title":"progresses duration before frequency","duration":0.18379199999998264,"failureMessages":[],"meta":{}},{"ancestorTitles":["cardio dose progression"],"fullName":"cardio dose progression allows more conditioning for athletic performance","status":"passed","title":"allows more conditioning for athletic performance","duration":0.1154589999999871,"failureMessages":[],"meta":{}},{"ancestorTitles":["cardio dose progression"],"fullName":"cardio dose progression reduces hard conditioning during taper or peak contexts","status":"passed","title":"reduces hard conditioning during taper or peak contexts","duration":0.07408300000000168,"failureMessages":[],"meta":{}},{"ancestorTitles":["cardio dose progression"],"fullName":"cardio dose progression holds or reduces dose when excessive hard cardio is already adding systemic cost","status":"passed","title":"holds or reduces dose when excessive hard cardio is already adding systemic cost","duration":0.07183299999999804,"failureMessages":[],"meta":{}}],"startTime":1784024426458,"endTime":1784024426460.074,"status":"passed","message":"","name":"/Users/aaronparry/Documents/Bodybuilding App/tests/cardio-dose.test.ts"},{"assertionResults":[{"ancestorTitles":["cardio interference rules"],"fullName":"cardio interference rules allows easy recovery cardio around lifting","status":"passed","title":"allows easy recovery cardio around lifting","duration":0.574292000000014,"failureMessages":[],"meta":{}},{"ancestorTitles":["cardio interference rules"],"fullName":"cardio interference rules avoids hard lower-body conditioning before heavy squat or deadlift work","status":"passed","title":"avoids hard lower-body conditioning before heavy squat or deadlift work","duration":0.21033399999998892,"failureMessages":[],"meta":{}},{"ancestorTitles":["cardio interference rules"],"fullName":"cardio interference rules suppresses hard conditioning during taper/event week","status":"passed","title":"suppresses hard conditioning during taper/event week","duration":0.07116700000000264,"failureMessages":[],"meta":{}},{"ancestorTitles":["cardio interference rules"],"fullName":"cardio interference rules cautions capacity cardio when systemic fatigue is moderate","status":"passed","title":"cautions capacity cardio when systemic fatigue is moderate","duration":0.0882079999999803,"failureMessages":[],"meta":{}},{"ancestorTitles":["cardio interference rules"],"fullName":"cardio interference rules cautions capacity cardio before heavy lower work even before modality is chosen","status":"passed","title":"cautions capacity cardio before heavy lower work even before modality is chosen","duration":0.05029199999998468,"failureMessages":[],"meta":{}},{"ancestorTitles":["cardio interference rules"],"fullName":"cardio interference rules avoids performance conditioning before heavy lower work for non-athletic goals","status":"passed","title":"avoids performance conditioning before heavy lower work for non-athletic goals","duration":0.060000000000002274,"failureMessages":[],"meta":{}},{"ancestorTitles":["cardio interference rules"],"fullName":"cardio interference rules avoids capacity work when lifting fatigue is high","status":"passed","title":"avoids capacity work when lifting fatigue is high","duration":0.09008399999999028,"failureMessages":[],"meta":{}},{"ancestorTitles":["cardio interference rules"],"fullName":
[...]
workout navigation and logging UI contracts allows logged sets to be edited from set history","status":"passed","title":"allows logged sets to be edited from set history","duration":0.7543749999999818,"failureMessages":[],"meta":{}},{"ancestorTitles":["workout navigation and logging UI contracts"],"fullName":"workout navigation and logging UI contracts keeps edit-set mode separate from new-set logging context","status":"passed","title":"keeps edit-set mode separate from new-set logging context","duration":0.16575000000000273,"failureMessages":[],"meta":{}},{"ancestorTitles":["workout navigation and logging UI contracts"],"fullName":"workout navigation and logging UI contracts refreshes the edited row and closes the edit drawer after save, cancel, or delete","status":"passed","title":"refreshes the edited row and closes the edit drawer after save, cancel, or delete","duration":0.14408299999999485,"failureMessages":[],"meta":{}},{"ancestorTitles":["workout navigation and logging UI contracts"],"fullName":"workout navigation and logging UI contracts keeps performance and edit drawers keyboard-aware and dismissible","status":"passed","title":"keeps performance and edit drawers keyboard-aware and dismissible","duration":0.13312500000000682,"failureMessages":[],"meta":{}},{"ancestorTitles":["workout navigation and logging UI contracts"],"fullName":"workout navigation and logging UI contracts dismisses transient Train overlays when navigating away from the Train tab","status":"passed","title":"dismisses transient Train overlays when navigating away from the Train tab","duration":0.11670799999998849,"failureMessages":[],"meta":{}},{"ancestorTitles":["workout navigation and logging UI contracts"],"fullName":"workout navigation and logging UI contracts opens logged set rows as edit targets","status":"passed","title":"opens logged set rows as edit targets","duration":0.14083400000001234,"failureMessages":[],"meta":{}},{"ancestorTitles":["workout navigation and logging UI contracts"],"fullName":"workout navigation and logging UI contracts logs the committed manual load on the first attempt","status":"passed","title":"logs the committed manual load on the first attempt","duration":0.08445899999998119,"failureMessages":[],"meta":{}},{"ancestorTitles":["workout navigation and logging UI contracts"],"fullName":"workout navigation and logging UI contracts keeps active workout data ahead of programme-day creation when Train remounts","status":"passed","title":"keeps active workout data ahead of programme-day creation when Train remounts","duration":0.10395800000000577,"failureMessages":[],"meta":{}},{"ancestorTitles":["workout navigation and logging UI contracts"],"fullName":"workout navigation and logging UI contracts uses the recovery constructor as the only active-plan workout path","status":"passed","title":"uses the recovery constructor as the only active-plan workout path","duration":0.072749999999985,"failureMessages":[],"meta":{}},{"ancestorTitles":["workout navigation and logging UI contracts"],"fullName":"workout navigation and logging UI contracts starts the active-plan Train flow when the legacy preview is unavailable instead of restarting onboarding","status":"passed","title":"starts the active-plan Train flow when the legacy preview is unavailable instead of restarting onboarding","duration":0.18837500000000773,"failureMessages":[],"meta":{}},{"ancestorTitles":["workout navigation and logging UI contracts"],"fullName":"workout navigation and logging UI contracts keeps V2 live prescriptions out of a visible QA card on Train","status":"passed","title":"keeps V2 live prescriptions out of a visible QA card on Train","duration":0.09883399999998232,"failureMessages":[],"meta":{}},{"ancestorTitles":["workout navigation and logging UI contracts"],"fullName":"workout navigation and logging UI contracts prompts before replacing a different active workout from Home","status":"passed","title":"prompts before replacing a different active workout from Home","duration":0.09741700000000719,"failureMessages":[],"meta":{}},{"ancestorTitles":["workout navigation and logging UI contracts"],"fullName":"workout navigation and logging UI contracts keeps unknown-load guidance readable in overview set rows","status":"passed","title":"keeps unknown-load guidance readable in overview set rows","duration":0.1824579999999969,"failureMessages":[],"meta":{}},{"ancestorTitles":["workout navigation and logging UI contracts"],"fullName":"workout navigation and logging UI contracts only shows in-session escalation when another work row remains","status":"passed","title":"only shows in-session escalation when another work row remains","duration":0.09862499999999841,"failureMessages":[],"meta":{}},{"ancestorTitles":["workout navigation and logging UI contracts"],"fullName":"workout navigation and logging UI contracts wires immediate in-session load drops into the live workout logger","status":"passed","title":"wires immediate in-session load drops into the live workout logger","duration":0.06854200000000787,"failureMessages":[],"meta":{}},{"ancestorTitles":["workout navigation and logging UI contracts"],"fullName":"workout navigation and logging UI contracts shows in-session escalation as a modal after the drawer closes","status":"passed","title":"shows in-session escalation as a modal after the drawer closes","duration":0.3267500000000041,"failureMessages":[],"meta":{}},{"ancestorTitles":["workout navigation and logging UI contracts"],"fullName":"workout navigation and logging UI contracts keeps rest timer visible while scrolling and alerts when rest ends","status":"passed","title":"keeps rest timer visible while scrolling and alerts when rest ends","duration":0.7600839999999778,"failureMessages":[],"meta":{}},{"ancestorTitles":["workout navigation and logging UI contracts"],"fullName":"workout navigation and logging UI contracts surfaces cardio interference guidance in the cardio logging flow without changing lifting controls","status":"passed","title":"surfaces cardio interference guidance in the cardio logging flow without changing lifting controls","duration":0.3374589999999955,"failureMessages":[],"meta":{}},{"ancestorTitles":["workout navigation and logging UI contracts"],"fullName":"workout navigation and logging UI contracts keeps performance drawer reps as a single editable field without preset chips","status":"passed","title":"keeps performance drawer reps as a single editable field without preset chips","duration":0.0967499999999859,"failureMessages":[],"meta":{}},{"ancestorTitles":["workout navigation and logging UI contracts"],"fullName":"workout navigation and logging UI contracts does not let warm-up load entry update the working-load prescription","status":"passed","title":"does not let warm-up load entry update the working-load prescription","duration":1.3151670000000024,"failureMessages":[],"meta":{}},{"ancestorTitles":["workout navigation and logging UI contracts"],"fullName":"workout navigation and logging UI contracts keeps load unit inline with the drawer load input","status":"passed","title":"keeps load unit inline with the drawer load input","duration":0.08774999999999977,"failureMessages":[],"meta":{}},{"ancestorTitles":["workout navigation and logging UI contracts"],"fullName":"workout navigation and logging UI contracts shows prep as a small text action instead of a bulky overview card","status":"passed","title":"shows prep as a small text action instead of a bulky overview card","duration":0.2267089999999996,"failureMessages":[],"meta":{}},{"ancestorTitles":["workout navigation and logging UI contracts"],"fullName":"workout navigation and logging UI contracts shows Complete Workout with early and ready confirmation copy","status":"passed","title":"shows Complete Workout with early and ready confirmation copy","duration":0.7295000000000016,"failureMessages":[],"meta":{}},{"ancestorTitles":["workout navigation and logging UI contracts"],"fullName":"workout navigation and logging UI contracts shows PRs and baselines separately in Workout Review","status":"passed","title":"shows PRs and baselines separately in Workout Review","duration":0.3149999999999977,"failureMessages":[],"meta":{}},{"ancestorTitles":["workout navigation and logging UI contracts"],"fullName":"workout navigation and logging UI contracts colours Complete Workout as destructive until planned work is complete, then success","status":"passed","title":"colours Complete Workout as destructive until planned work is complete, then success","duration":0.11266599999999016,"failureMessages":[],"meta":{}},{"ancestorTitles":["workout navigation and logging UI contracts"],"fullName":"workout navigation and logging UI contracts uses required work sets, not warm-ups, to decide workout completion","status":"passed","title":"uses required work sets, not warm-ups, to decide workout completion","duration":0.1738330000000019,"failureMessages":[],"meta":{}},{"ancestorTitles":["workout navigation and logging UI contracts"],"fullName":"workout navigation and logging UI contracts separates finishing a workout from cancelling and discarding it","status":"passed","title":"separates finishing a workout from cancelling and discarding it","duration":0.22262499999999363,"failureMessages":[],"meta":{}},{"ancestorTitles":["workout navigation and logging UI contracts"],"fullName":"workout navigation and logging UI contracts keeps calibration active workout guidance minimal and avoids fake exact loads","status":"passed","title":"keeps calibration active workout guidance minimal and avoids fake exact loads","duration":0.17412500000000364,"failureMessages":[],"meta":{}},{"ancestorTitles":["workout navigation and logging UI contracts"],"fullName":"workout navigation and logging UI contracts shows a concise deload note when the active block is deload","status":"passed","title":"shows a concise deload note when the active block is deload","duration":0.09899999999998954,"failureMessages":[],"meta":{}},{"ancestorTitles":["workout navigation and logging UI contracts"],"fullName":"workout navigation and logging UI contracts keeps compact card actions available without dominant buttons","status":"passed","title":"keeps compact card actions available without dominant buttons","duration":0.3544170000000122,"failureMessages":[],"meta":{}},{"ancestorTitles":["workout navigation and logging UI contracts"],"fullName":"workout navigation and logging UI contracts renders More Open detail Actions below the set rows","status":"passed","title":"renders More Open detail Actions below the set rows","duration":0.07279099999999517,"failureMessages":[],"meta":{}},{"ancestorTitles":["workout navigation and logging UI contracts"],"fullName":"workout navigation and logging UI contracts opens a dedicated swap picker instead of rendering suggestions at the bottom of the workout","status":"passed","title":"opens a dedicated swap picker instead of rendering suggestions at the bottom of the workout","duration":0.963832999999994,"failureMessages":[],"meta":{}},{"ancestorTitles":["workout navigation and logging UI contracts"],"fullName":"workout navigation and logging UI contracts asks for a fast reason when swapping, removing, or skipping an exercise","status":"passed","title":"asks for a fast reason when swapping, removing, or skipping an exercise","duration":0.165458000000001,"failureMessages":[],"meta":{}},{"ancestorTitles":["workout navigation and logging UI contracts"],"fullName":"workout navigation and logging UI contracts opens a dedicated Add Exercise picker with recommendations, full search, and custom creation","status":"passed","title":"opens a dedicated Add Exercise picker with recommendations, full search, and custom creation","duration":0.3438329999999894,"failureMessages":[],"meta":{}},{"ancestorTitles":["workout navigation and logging UI contracts"],"fullName":"workout navigation and logging UI contracts orders Add Exercise picker as Recommended, Create New Exercise, then Search Library","status":"passed","title":"orders Add Exercise picker as Recommended, Create New Exercise, then Search Library","duration":0.05879200000001106,"failureMessages":[],"meta":{}},{"ancestorTitles":["workout navigation and logging UI contracts"],"fullName":"workout navigation and logging UI contracts uses full-library name and taxonomy search in Add and Swap pickers","status":"passed","title":"uses full-library name and taxonomy search in Add and Swap pickers","duration":0.12424999999998931,"failureMessages":[],"meta":{}},{"ancestorTitles":["workout navigation and logging UI contracts"],"fullName":"workout navigation and logging UI contracts keeps exercise detail secondary but clearly navigable back to the workout","status":"passed","title":"keeps exercise detail secondary but clearly navigable back to the workout","duration":0.030333000000013044,"failureMessages":[],"meta":{}},{"ancestorTitles":["workout navigation and logging UI contracts"],"fullName":"workout navigation and logging UI contracts keeps nested prep and capacity routes escapable","status":"passed","title":"keeps nested prep and capacity routes escapable","duration":0.04512500000001296,"failureMessages":[],"meta":{}},{"ancestorTitles":["workout navigation and logging UI contracts"],"fullName":"workout navigation and logging UI contracts keeps prep and capacity how guides behind disclosure controls","status":"passed","title":"keeps prep and capacity how guides behind disclosure controls","duration":0.13616700000000037,"failureMessages":[],"meta":{}},{"ancestorTitles":["workout navigation and logging UI contracts"],"fullName":"workout navigation and logging UI contracts shows Progress recommendation actions without automatic plan mutation","status":"passed","title":"shows Progress recommendation actions without automatic plan mutation","duration":0.05475000000001273,"failureMessages":[],"meta":{}},{"ancestorTitles":["workout navigation and logging UI contracts"],"fullName":"workout navigation and logging UI contracts keeps Beginner metadata off default Library cards","status":"passed","title":"keeps Beginner metadata off default Library cards","duration":0.03279100000000312,"failureMessages":[],"meta":{}},{"ancestorTitles":["workout navigation and logging UI contracts"],"fullName":"workout navigation and logging UI contracts puts Library search before filters and switches active search into results-only mode","status":"passed","title":"puts Library search before filters and switches active search into results-only mode","duration":0.09533300000001077,"failureMessages":[],"meta":{}},{"ancestorTitles":["workout navigation and logging UI contracts"],"fullName":"workout navigation and logging UI contracts moves cardio out of the generic Extra Session picker and into Recovery & Capacity","status":"passed","title":"moves cardio out of the generic Extra Session picker and into Recovery & Capacity","duration":0.3997499999999832,"failureMessages":[],"meta":{}},{"ancestorTitles":["workout navigation and logging UI contracts"],"fullName":"workout navigation and logging UI contracts routes low back capacity into the Extra Session capacity flow","status":"passed","title":"routes low back capacity into the Extra Session capacity flow","duration":0.09062500000001705,"failureMessages":[],"meta":{}},{"ancestorTitles":["workout navigation and logging UI contracts"],"fullName":"workout navigation and logging UI contracts surfaces current-week completed workouts from Home for editing","status":"passed","title":"surfaces current-week completed workouts from Home for editing","duration":0.1253330000000119,"failureMessages":[],"meta":{}},{"ancestorTitles":["workout navigation and logging UI contracts"],"fullName":"workout navigation and logging UI contracts keeps completed workout editing scoped to current-week history","status":"passed","title":"keeps completed workout editing scoped to current-week history","duration":0.05345800000000622,"failureMessages":[],"meta":{}},{"ancestorTitles":["workout navigation and logging UI contracts"],"fullName":"workout navigation and logging UI contracts keeps Plan focused by removing redundant action buttons","status":"passed","title":"keeps Plan focused by removing redundant action buttons","duration":0.06637499999999363,"failureMessages":[],"meta":{}},{"ancestorTitles":["workout navigation and logging UI contracts"],"fullName":"workout navigation and logging UI contracts presents planning context before approved choices without a legacy roadmap","status":"passed","title":"presents planning context before approved choices without a legacy roadmap","duration":0.11420800000001918,"failureMessages":[],"meta":{}},{"ancestorTitles":["workout navigation and logging UI contracts"],"fullName":"workout navigation and logging UI contracts bounds long titles and exercise names instead of allowing ugly wrapping or clipping","status":"passed","title":"bounds long titles and exercise names instead of allowing ugly wrapping or clipping","duration":0.08791599999997857,"failureMessages":[],"meta":{}},{"ancestorTitles":["workout navigation and logging UI contracts"],"fullName":"workout navigation and logging UI contracts does not retain a Plan explanation-modal flow","status":"passed","title":"does not retain a Plan explanation-modal flow","duration":0.04895899999999642,"failureMessages":[],"meta":{}}],"startTime":1784024422088,"endTime":1784024422108.1252,"status":"passed","message":"","name":"/Users/aaronparry/Documents/Bodybuilding App/tests/workout-navigation-ui.test.ts"},{"assertionResults":[{"ancestorTitles":["workout session cloud metadata mapping"],"fullName":"workout session cloud metadata mapping round-trips warm-up and work set types","status":"passed","title":"round-trips warm-up and work set types","duration":2.294750000000022,"failureMessages":[],"meta":{}},{"ancestorTitles":["workout session cloud metadata mapping"],"fullName":"workout session cloud metadata mapping round-trips exercises added during a workout","status":"passed","title":"round-trips exercises added during a workout","duration":0.5910829999999976,"failureMessages":[],"meta":{}},{"ancestorTitles":["workout session cloud metadata mapping"],"fullName":"workout session cloud metadata mapping round-trips swapped exercise metadata without restoring an old active-session card","status":"passed","title":"round-trips swapped exercise metadata without restoring an old active-session card","duration":1.04849999999999,"failureMessages":[],"meta":{}},{"ancestorTitles":["workout session cloud metadata mapping"],"fullName":"workout session cloud metadata mapping round-trips manual finish metadata through exercise metadata","status":"passed","title":"round-trips manual finish metadata through exercise metadata","duration":0.3306249999999977,"failureMessages":[],"meta":{}},{"ancestorTitles":["workout session cloud metadata mapping"],"fullName":"workout session cloud metadata mapping round-trips removed future work rows through exercise metadata","status":"passed","title":"round-trips removed future work rows through exercise metadata","duration":0.16095800000002214,"failureMessages":[],"meta":{}},{"ancestorTitles":["workout session cloud metadata mapping"],"fullName":"workout session cloud metadata mapping hydrates old cloud rows with safe defaults","status":"passed","title":"hydrates old cloud rows with safe defaults","duration":0.12208400000000097,"failureMessages":[],"meta":{}},{"ancestorTitles":["workout session cloud metadata mapping"],"fullName":"workout session cloud metadata mapping keeps warm-up sets out of history progression and volume after hydration","status":"passed","title":"keeps warm-up sets out of history progression and volume after hydration","duration":0.8449999999999989,"failureMessages":[],"meta":{}}],"startTime":1784024423529,"endTime":1784024423534.845,"status":"passed","message":"","name":"/Users/aaronparry/Documents/Bodybuilding App/tests/workout-session-cloud-repository.test.ts"}]}