{"numTotalTestSuites":437,"numPassedTestSuites":408,"numFailedTestSuites":29,"numPendingTestSuites":0,"numTotalTests":1789,"numPassedTests":1746,"numFailedTests":43,"numPendingTests":0,"numTodoTests":0,"snapshot":{"added":0,"failure":false,"filesAdded":0,"filesRemoved":0,"filesRemovedList":[],"filesUnmatched":0,"filesUpdated":0,"matched":0,"total":0,"unchecked":0,"uncheckedKeysByFile":[],"unmatched":0,"updated":0,"didUpdate":false},"startTime":1784027430864,"success":false,"testResults":[{"assertionResults":[],"startTime":1784027430864,"endTime":1784027430864,"status":"failed","message":"Cannot find module '@/domain/training/coaching-engine-v3' imported from '/Users/aaronparry/Documents/Bodybuilding App/qa-reports/v3-shadow-telemetry-review.test.ts'.\n\n- If you rely on tsconfig.json's \"paths\" to resolve modules, please install \"vite-tsconfig-paths\" plugin to handle module resolution.\n- Make sure you don't have relative aliases in your Vitest config. Use absolute paths instead. Read more: https://vitest.dev/guide/common-errors","name":"/Users/aaronparry/Documents/Bodybuilding App/qa-reports/v3-shadow-telemetry-review.test.ts"},{"assertionResults":[{"ancestorTitles":["active workout persistence"],"fullName":"active workout persistence persists warm-up, work, and edited set data after Home navigation and Continue Workout reload","status":"passed","title":"persists warm-up, work, and edited set data after Home navigation and Continue Workout reload","duration":4.050290999999987,"failureMessages":[],"meta":{}},{"ancestorTitles":["active workout persistence"],"fullName":"active workout persistence keeps selected programme-day state from replacing an already open workout on route remount","status":"passed","title":"keeps selected programme-day state from replacing an already open workout on route remount","duration":0.3435000000000059,"failureMessages":[],"meta":{}},{"ancestorTitles":["active workout persistence"],"fullName":"active workout persistence recognises the same planned active workout so Start Workout can resume it","status":"passed","title":"recognises the same planned active workout so Start Workout can resume it","duration":0.13450000000000273,"failureMessages":[],"meta":{}},{"ancestorTitles":["active workout persistence"],"fullName":"active workout persistence detects a different selected workout while another planned workout is active","status":"passed","title":"detects a different selected workout while another planned workout is active","duration":0.05879099999998516,"failureMessages":[],"meta":{}},{"ancestorTitles":["active workout persistence"],"fullName":"active workout persistence uses stronger conflict copy when the active workout already has logged sets","status":"passed","title":"uses stronger conflict copy when the active workout already has logged sets","duration":0.182707999999991,"failureMessages":[],"meta":{}},{"ancestorTitles":["active workout persistence"],"fullName":"active workout persistence uses lighter conflict copy when the active workout has no logged sets","status":"passed","title":"uses lighter conflict copy when the active workout has no logged sets","duration":0.08133399999999824,"failureMessages":[],"meta":{}},{"ancestorTitles":["active workout persistence"],"fullName":"active workout persistence preserves edited warm-up/work designation and deletion state across route reloads","status":"passed","title":"preserves edited warm-up/work designation and deletion state across route reloads","duration":0.33583300000000804,"failureMessages":[],"meta":{}},{"ancestorTitles":["active workout persistence"],"fullName":"active workout persistence only explicit cancel discards the active workout and explicit complete saves it","status":"passed","title":"only explicit cancel discards the active workout and explicit complete saves it","duration":1.1909160000000156,"failureMessages":[],"meta":{}}],"startTime":1784027434304,"endTime":1784027434310.191,"status":"passed","message":"","name":"/Users/aaronparry/Documents/Bodybuilding App/tests/active-workout-persistence.test.ts"},{"assertionResults":[{"ancestorTitles":["ad-hoc workout generation"],"fullName":"ad-hoc workout generation generates a push workout with chest, shoulders, and triceps","status":"passed","title":"generates a push workout with chest, shoulders, and triceps","duration":6.450542000000013,"failureMessages":[],"meta":{}},{"ancestorTitles":["ad-hoc workout generation"],"fullName":"ad-hoc workout generation generates a pull workout with back and biceps","status":"passed","title":"generates a pull workout with back and biceps","duration":1.5854999999999961,"failureMessages":[],"meta":{}},{"ancestorTitles":["ad-hoc workout generation"],"fullName":"ad-hoc workout generation keeps biceps support in shortened hypertrophy and powerbuilding pull sessions","status":"passed","title":"keeps biceps support in shortened hypertrophy and powerbuilding pull sessions","duration":5.504500000000007,"failureMessages":[],"meta":{}},{"ancestorTitles":["ad-hoc workout generation"],"fullName":"ad-hoc workout generation generates a legs workout with quads, hamstrings, and glutes","status":"passed","title":"generates a legs workout with quads, hamstrings, and glutes","duration":2.3358340000000055,"failureMessages":[],"meta":{}},{"ancestorTitles":["ad-hoc workout generation"],"fullName":"ad-hoc workout generation respects current block rep ranges and drop-off defaults","status":"passed","title":"respects current block rep ranges and drop-off defaults","duration":1.9860830000000078,"failureMessages":[],"meta":{}},{"ancestorTitles":["ad-hoc workout generation"],"fullName":"ad-hoc workout generation stores equipment-aware load increments in generated slots","status":"passed","title":"stores equipment-aware load increments in generated slots","duration":0.616708999999986,"failureMessages":[],"meta":{}},{"ancestorTitles":["ad-hoc workout generation"],"fullName":"ad-hoc workout generation avoids duplicate exact exercises","status":"passed","title":"avoids duplicate exact exercises","duration":0.6755830000000174,"failureMessages":[],"meta":{}},{"ancestorTitles":["ad-hoc workout generation"],"fullName":"ad-hoc workout generation uses expanded library options for generated workouts","status":"passed","title":"uses expanded library options for generated workouts","duration":0.7034999999999911,"failureMessages":[],"meta":{}},{"ancestorTitles":["ad-hoc workout generation"],"fullName":"ad-hoc workout generation can include a matching custom exercise","status":"passed","title":"can include a matching custom exercise","duration":0.4287080000000003,"failureMessages":[],"meta":{}},{"ancestorTitles":["ad-hoc workout generation"],"fullName":"ad-hoc workout generation changes exercise selection across block intent instead of only changing reps","status":"passed","title":"changes exercise selection across block intent instead of only changing reps","duration":1.852499999999992,"failureMessages":[],"meta":{}},{"ancestorTitles":["ad-hoc workout generation"],"fullName":"ad-hoc workout generation uses dedicated peak templates instead of strength fallback templates","status":"passed","title":"uses dedicated peak templates instead of strength fallback templates","duration":0.9855829999999912,"failureMessages":[],"meta":{}},{"ancestorTitles":["ad-hoc workout generation"],"fullName":"ad-hoc workout generation uses dedicated deload templates with reduced complexity and low-fatigue work","status":"passed","title":"uses dedicated deload templates with reduced complexity and low-fatigue work","duration":0.9254170000000101,"failureMessages":[],"meta":{}},{"ancestorTitles":["ad-hoc workout generation"],"fullName":"ad-hoc workout generation anchors strength templates around canonical strength lifts","status":"passed","title":"anchors strength templates around canonical strength lifts","duration":1.4565830000000233,"failureMessages":[],"meta":{}},{"ancestorTitles":["ad-hoc workout generation"],"fullName":"ad-hoc workout generation uses evidence-based slot prescriptions instead of one session-wide set range","status":"passed","title":"uses evidence-based slot prescriptions instead of one session-wide set range","duration":0.7050839999999994,"failureMessages":[],"meta":{}},{"ancestorTitles":["ad-hoc workout generation"],"fullName":"ad-hoc workout generation guarantees trunk exposure in lower-body strength and hypertrophy templates","status":"passed","title":"guarantees trunk exposure in lower-body strength and hypertrophy templates","duration":1.996249999999975,"failureMessages":[],"meta":{}},{"ancestorTitles":["ad-hoc workout generation"],"fullName":"ad-hoc workout generation keeps power templates focused on actual power work without excessive hypertrophy accessories","status":"passed","title":"keeps power templates focused on actual power work without excessive hypertrophy accessories","duration":0.9163340000000062,"failureMessages":[],"meta":{}},{"ancestorTitles":["ad-hoc workout generation"],"fullName":"ad-hoc workout generation builds arms sessions around direct arm work, not back and shoulder filler","status":"passed","title":"builds arms sessions around direct arm work, not back and shoulder filler","duration":0.3013339999999971,"failureMessages":[],"meta":{}},{"ancestorTitles":["ad-hoc workout generation"],"fullName":"ad-hoc workout generation builds chest sessions around chest-dominant pressing and pec isolation","status":"passed","title":"builds chest sessions around chest-dominant pressing and pec isolation","duration":0.2909590000000435,"failureMessages":[],"meta":{}},{"ancestorTitles":["ad-hoc workout generation"],"fullName":"ad-hoc workout generation builds back sessions around vertical pulls, rows, and rear-delt or trap support","status":"passed","title":"builds back sessions around vertical pulls, rows, and rear-delt or trap support","duration":0.31841600000001336,"failureMessages":[],"meta":{}},{"ancestorTitles":["ad-hoc workout generation"],"fullName":"ad-hoc workout generation keeps biceps support in shortened back sessions","status":"passed","title":"keeps biceps support in shortened back sessions","duration":0.24112500000001091,"failureMessages":[],"meta":{}},{"ancestorTitles":["ad-hoc workout generation"],"fullName":"ad-hoc workout generation builds shoulder sessions around press, lateral delt, rear delt, and trap/scapular support","status":"passed","title":"builds shoulder sessions around press, lateral delt, rear delt, and trap/scapular support","duration":0.2933750000000259,"failureMessages":[],"meta":{}},{"ancestorTitles":["ad-hoc workout generation"],"fullName":"ad-hoc workout generation allows controlled shoulder/back crossover without turning sessions generic","status":"passed","title":"allows controlled shoulder/back crossover without turning sessions generic","duration":0.4370000000000118,"failureMessages":[],"meta":{}},{"ancestorTitles":["ad-hoc workout generation"],"fullName":"ad-hoc workout generation uses fatigue signals to trim planned volume before tactical autoregulation takes over","status":"passed","title":"uses fatigue signals to trim planned volume before tactical autoregulation takes over","duration":0.6324160000000347,"failureMessages":[],"meta":{}},{"ancestorTitles":["ad-hoc workout generation"],"fullName":"ad-hoc workout generation uses experience level to change generated session complexity and planned set targets","status":"passed","title":"uses experience level to change generated session complexity and planned set targets","duration":1.2473750000000337,"failureMessages":[],"meta":{}},{"ancestorTitles":["ad-hoc workout generation"],"fullName":"ad-hoc workout generation writes hybrid set ranges onto generated exercise slots","status":"passed","title":"writes hybrid set ranges onto generated exercise slots","duration":0.3642080000000192,"failureMessages":[],"meta":{}},{"ancestorTitles":["ad-hoc workout generation"],"fullName":"ad-hoc workout generation estimates muscle volume landmarks from actual quality-set history","status":"passed","title":"estimates muscle volume landmarks from actual quality-set history","duration":0.318416999999954,"failureMessages":[],"meta":{}}],"startTime":1784027432487,"endTime":1784027432521.3643,"status":"passed","message":"","name":"/Users/aaronparry/Documents/Bodybuilding App/tests/ad-hoc-workout-generator.test.ts"},{"assertionResults":[{"ancestorTitles":["adaptation detection engine"],"fullName":"adaptation detection engine classifies improving exercise evidence as adapting","status":"passed","title":"classifies improving exercise evidence as adapting","duration":1.0503330000000233,"failureMessages":[],"meta":{}},{"ancestorTitles":["adaptation detection engine"],"fullName":"adaptation detection engine does not treat workout completion alone as progress","status":"passed","title":"does not treat workout completion alone as progress","duration":0.17837500000001683,"failureMessages":[],"meta":{}},{"ancestorTitles":["adaptation detection engine"],"fullName":"adaptation detection engine treats one poor session as noise unless fatigue or pain warning signs are present","status":"passed","title":"treats one poor session as noise unless fatigue or pain warning signs are present","duration":0.08970800000000168,"failureMessages":[],"meta":{}},{"ancestorTitles":["adaptation detection engine"],"fullName":"adaptation detection engine classifies repeated poor exposures as plateaued when recovery is normal","status":"passed","title":"classifies repeated poor exposures as plateaued when recovery is normal","duration":0.29979099999999903,"failureMessages":[],"meta":{}},{"ancestorTitles":["adaptation detection engine"],"fullName":"adaptation detection engine treats poor performance with high fatigue primarily as recovery/fatigue related","status":"passed","title":"treats poor performance with high fatigue primarily as recovery/fatigue related","duration":0.17633299999999963,"failureMessages":[],"meta":{}},{"ancestorTitles":["adaptation detection engine"],"fullName":"adaptation detection engine detects exercise saturation at exercise level","status":"passed","title":"detects exercise saturation at exercise level","duration":0.10124999999999318,"failureMessages":[],"meta":{}},{"ancestorTitles":["adaptation detection engine"],"fullName":"adaptation detection engine detects movement-pattern level adaptation separately from exercise level","status":"passed","title":"detects movement-pattern level adaptation separately from exercise level","duration":0.07245800000001168,"failureMessages":[],"meta":{}},{"ancestorTitles":["adaptation detection engine"],"fullName":"adaptation detection engine detects system-level decline across unrelated movement patterns","status":"passed","title":"detects system-level decline across unrelated movement patterns","duration":0.08012500000000955,"failureMessages":[],"meta":{}},{"ancestorTitles":["adaptation detection engine"],"fullName":"adaptation detection engine feeds future engines without directly replacing them","status":"passed","title":"feeds future engines without directly replacing them","duration":0.32383399999997664,"failureMessages":[],"meta":{}},{"ancestorTitles":["adaptation detection engine"],"fullName":"adaptation detection engine does not implement user-facing PR recognition or direct progression decisions","status":"passed","title":"does not implement user-facing PR recognition or direct progression decisions","duration":0.27933300000000827,"failureMessages":[],"meta":{}},{"ancestorTitles":["adaptation detection engine"],"fullName":"adaptation detection engine is deterministic and does not use network, storage, or async work","status":"passed","title":"is deterministic and does not use network, storage, or async work","duration":0.313459000000023,"failureMessages":[],"meta":{}}],"startTime":1784027434829,"endTime":1784027434832.3237,"status":"passed","message":"","name":"/Users/aaronparry/Documents/Bodybuilding App/tests/adaptation-detection-engine.test.ts"},{"assertionResults":[{"ancestorTitles":["adaptive load prescription"],"fullName":"adaptive load prescription uses small progression for owned load with improving signal and good recovery","status":"passed","title":"uses small progression for owned load with improving signal and good recovery","duration":2.9408750000000055,"failureMessages":[],"meta":{}},{"ancestorTitles":["adaptive load prescription"],"fullName":"adaptive load prescription keeps introduced load for stabilisation","status":"passed","title":"keeps introduced load for stabilisation","duration":0.15183300000001054,"failureMessages":[],"meta":{}},{"ancestorTitles":["adaptive load prescription"],"fullName":"adaptive load prescription keeps or reduces unstable load instead of progressing","status":"passed","title":"keeps or reduces unstable load instead of progressing","duration":0.12174999999999159,"failureMessages":[],"meta":{}},{"ancestorTitles":["adaptive load prescription"],"fullName":"adaptive load prescription poor recovery blocks load increase","status":"passed","title":"poor recovery blocks load increase","duration":0.12954100000001745,"failureMessages":[],"meta":{}},{"ancestorTitles":["adaptive load prescription"],"fullName":"adaptive load prescription deload produces recovery load","status":"passed","title":"deload produces recovery load","duration":0.14375000000001137,"failureMessages":[],"meta":{}},{"ancestorTitles":["adaptive load prescription"],"fullName":"adaptive load prescription keeps deadlift calibration conservative and capped","status":"passed","title":"keeps deadlift calibration conservative and capped","duration":0.15658299999998349,"failureMessages":[],"meta":{}},{"ancestorTitles":["adaptive load prescription"],"fullName":"adaptive load prescription bench progression can be less conservative than deadlift progression","status":"passed","title":"bench progression can be less conservative than deadlift progression","duration":0.1517080000000135,"failureMessages":[],"meta":{}},{"ancestorTitles":["adaptive load prescription"],"fullName":"adaptive load prescription uses small progression for underloaded hypertrophy isolation","status":"passed","title":"uses small progression for underloaded hypertrophy isolation","duration":0.07200000000000273,"failureMessages":[],"meta":{}},{"ancestorTitles":["adaptive load prescription"],"fullName":"adaptive load prescription keeps appropriate hypertrophy load","status":"passed","title":"keeps appropriate hypertrophy load","duration":0.22791700000001924,"failureMessages":[],"meta":{}},{"ancestorTitles":["adaptive load prescription"],"fullName":"adaptive load prescription reduces or conserves load when overreached","status":"passed","title":"reduces or conserves load when overreached","duration":2.817959000000002,"failureMessages":[],"meta":{}},{"ancestorTitles":["adaptive load prescription"],"fullName":"adaptive load prescription uses power quality load for power movements","status":"passed","title":"uses power quality load for power movements","duration":0.08891700000000924,"failureMessages":[],"meta":{}},{"ancestorTitles":["adaptive load prescription"],"fullName":"adaptive load prescription uses no external load for duration plank","status":"passed","title":"uses no external load for duration plank","duration":0.06512499999999477,"failureMessages":[],"meta":{}},{"ancestorTitles":["adaptive load prescription"],"fullName":"adaptive load prescription blocks forced increase when the available jump is too large","status":"passed","title":"blocks forced increase when the available jump is too large","duration":0.053625000000010914,"failureMessages":[],"meta":{}},{"ancestorTitles":["adaptive load prescription"],"fullName":"adaptive load prescription estimates or starts conservatively for AMRAP with low confidence","status":"passed","title":"estimates or starts conservatively for AMRAP with low confidence","duration":0.08875000000000455,"failureMessages":[],"meta":{}},{"ancestorTitles":["adaptive load prescription"],"fullName":"adaptive load prescription keeps short reasons compact","status":"passed","title":"keeps short reasons compact","duration":0.07991599999999721,"failureMessages":[],"meta":{}},{"ancestorTitles":["adaptive load prescription"],"fullName":"adaptive load prescription is deterministic and performs no network, async, or history scan work","status":"passed","title":"is deterministic and performs no network, async, or history scan work","duration":1.8571250000000248,"failureMessages":[],"meta":{}},{"ancestorTitles":["adaptive load prescription"],"fullName":"adaptive load prescription chains Cycle Strategy to Session Strategy to Rep Prescription to Load Prescription","status":"passed","title":"chains Cycle Strategy to Session Strategy to Rep Prescription to Load Prescription","duration":0.6952919999999949,"failureMessages":[],"meta":{}}],"startTime":1784027433835,"endTime":1784027433844.6953,"status":"passed","message":"","name":"/Users/aaronparry/Documents/Bodybuilding App/tests/adaptive-load-prescription.test.ts"},{"assertionResults":[{"ancestorTitles":["adaptive rep prescription"],"fullName":"adaptive rep prescription uses fixed hypertrophy reps for tension, balanced, and metabolic bias","status":"passed","title":"uses fixed hypertrophy reps for tension, balanced, and metabolic bias","duration":0.8643749999999955,"failureMessages":[],"meta":{}},{"ancestorTitles":["adaptive rep prescription"],"fullName":"adaptive rep prescription supports strength peak singles, doubles, and triples through low-rep peak ranges","status":"passed","title":"supports strength peak singles, doubles, and triples through low-rep peak ranges","duration":0.4872500000000173,"failureMessages":[],"meta":{}},{"ancestorTitles":["adaptive rep prescription"],"fullName":"adaptive rep prescription uses 2-5 work for strength intensification and moderate reps for accumulation","status":"passed","title":"uses 2-5 work for strength intensification and moderate reps for accumulation","duration":0.20145899999999983,"failureMessages":[],"meta":{}},{"ancestorTitles":["adaptive rep prescription"],"fullName":"adaptive rep prescription represents Prilepin-inspired constraints without using them as dogma","status":"passed","title":"represents Prilepin-inspired constraints without using them as dogma","duration":0.1454999999999984,"failureMessages":[],"meta":{}},{"ancestorTitles":["adaptive rep prescription"],"fullName":"adaptive rep prescription keeps power movements low rep and high quality","status":"passed","title":"keeps power movements low rep and high quality","duration":0.24408400000001507,"failureMessages":[],"meta":{}},{"ancestorTitles":["adaptive rep prescription"],"fullName":"adaptive rep prescription uses AMRAP for calibration and caps AMRAP for high-risk lifts","status":"passed","title":"uses AMRAP for calibration and caps AMRAP for high-risk lifts","duration":0.17937499999999318,"failureMessages":[],"meta":{}},{"ancestorTitles":["adaptive rep prescription"],"fullName":"adaptive rep prescription uses top-range checks for verification","status":"passed","title":"uses top-range checks for verification","duration":0.08074999999999477,"failureMessages":[],"meta":{}},{"ancestorTitles":["adaptive rep prescription"],"fullName":"adaptive rep prescription uses recovery prescriptions during recovery or deload contexts","status":"passed","title":"uses recovery prescriptions during recovery or deload contexts","duration":0.09270799999998758,"failureMessages":[],"meta":{}},{"ancestorTitles":["adaptive rep prescription"],"fullName":"adaptive rep prescription keeps get lean prescriptions conservative","status":"passed","title":"keeps get lean prescriptions conservative","duration":0.292082999999991,"failureMessages":[],"meta":{}},{"ancestorTitles":["adaptive rep prescription"],"fullName":"adaptive rep prescription keeps maintenance simple and controlled","status":"passed","title":"keeps maintenance simple and controlled","duration":0.14179200000000947,"failureMessages":[],"meta":{}},{"ancestorTitles":["adaptive rep prescription"],"fullName":"adaptive rep prescription preserves maintenance recovery bias without turning it into peak work","status":"passed","title":"preserves maintenance recovery bias without turning it into peak work","duration":0.06829199999998536,"failureMessages":[],"meta":{}},{"ancestorTitles":["adaptive rep prescription"],"fullName":"adaptive rep prescription does not give duration exercises fake rep language","status":"passed","title":"does not give duration exercises fake rep language","duration":0.14400000000000546,"failureMessages":[],"meta":{}},{"ancestorTitles":["adaptive rep prescription"],"fullName":"adaptive rep prescription does not route non-power athletic performance exercises to power-style reps","status":"passed","title":"does not route non-power athletic performance exercises to power-style reps","duration":0.16499999999999204,"failureMessages":[],"meta":{}},{"ancestorTitles":["adaptive rep prescription"],"fullName":"adaptive rep prescription preserves power objectives while intentionally overriding non-power bias","status":"passed","title":"preserves power objectives while intentionally overriding non-power bias","duration":0.05183300000001623,"failureMessages":[],"meta":{}},{"ancestorTitles":["adaptive rep prescription"],"fullName":"adaptive rep prescription keeps hypertrophy isolation peak contexts out of very low-rep peak prescriptions","status":"passed","title":"keeps hypertrophy isolation peak contexts out of very low-rep peak prescriptions","duration":0.055792000000025155,"failureMessages":[],"meta":{}},{"ancestorTitles":["adaptive rep prescription"],"fullName":"adaptive rep prescription keeps actual power movements low rep and speed/power biased","status":"passed","title":"keeps actual power movements low rep and speed/power biased","duration":0.05170799999999076,"failureMessages":[],"meta":{}},{"ancestorTitles":["adaptive rep prescription"],"fullName":"adaptive rep prescription separates squat, bench, and deadlift strength prescriptions","status":"passed","title":"separates squat, bench, and deadlift strength prescriptions","duration":0.07766700000001947,"failureMessages":[],"meta":{}},{"ancestorTitles":["adaptive rep prescription"],"fullName":"adaptive rep prescription never uses open AMRAP for deadlift calibration","status":"passed","title":"never uses open AMRAP for deadlift calibration","duration":0.10870799999997871,"failureMessages":[],"meta":{}},{"ancestorTitles":["adaptive rep prescription"],"fullName":"adaptive rep prescription prevents high-rep deadlift drift in build muscle + strength","status":"passed","title":"prevents high-rep deadlift drift in build muscle + strength","duration":0.16545899999999847,"failureMessages":[],"meta":{}},{"ancestorTitles":["adaptive rep prescription"],"fullName":"adaptive rep prescription uses moderate support ranges for strength isolation accessories","status":"passed","title":"uses moderate support ranges for strength isolation accessories","duration":0.06974999999999909,"failureMessages":[],"meta":{}},{"ancestorTitles":["adaptive rep prescription"],"fullName":"adaptive rep prescription uses category-specific maintenance prescriptions","status":"passed","title":"uses category-specific maintenance prescriptions","duration":0.06854200000000787,"failureMessages":[],"meta":{}},{"ancestorTitles":["adaptive rep prescription"],"fullName":"adaptive rep prescription uses duration_carry output for carry prescriptions","status":"passed","title":"uses duration_carry output for carry prescriptions","duration":0.06183400000000461,"failureMessages":[],"meta":{}},{"ancestorTitles":["adaptive rep prescription"],"fullName":"adaptive rep prescription decouples uncertain calibration from automatic AMRAP","status":"passed","title":"decouples uncertain calibration from automatic AMRAP","duration":0.05875000000000341,"failureMessages":[],"meta":{}},{"ancestorTitles":["adaptive rep prescription"],"fullName":"adaptive rep prescription reduces confidence for name fallback and ambiguous goal/exercise pairings","status":"passed","title":"reduces confidence for name fallback and ambiguous goal/exercise pairings","duration":0.08416700000000787,"failureMessages":[],"meta":{}},{"ancestorTitles":["adaptive rep prescription"],"fullName":"adaptive rep prescription prefers provided metadata over name fallback","status":"passed","title":"prefers provided metadata over name fallback","duration":0.04604100000000244,"failureMessages":[],"meta":{}},{"ancestorTitles":["adaptive rep prescription"],"fullName":"adaptive rep prescription falls back safely for unsupported exercises","status":"passed","title":"falls back safely for unsupported exercises","duration":0.06708299999999667,"failureMessages":[],"meta":{}},{"ancestorTitles":["adaptive rep prescription"],"fullName":"adaptive rep prescription keeps short reasons compact","status":"passed","title":"keeps short reasons compact","duration":0.13612500000002115,"failureMessages":[],"meta":{}},{"ancestorTitles":["adaptive rep prescription"],"fullName":"adaptive rep prescription runs synchronously without network, async work, or history scans","status":"passed","title":"runs synchronously without network, async work, or history scans","duration":1.2189579999999864,"failureMessages":[],"meta":{}}],"startTime":1784027434022,"endTime":1784027434029.219,"status":"passed","message":"","name":"/Users/aaronparry/Documents/Bodybuilding App/tests/adaptive-rep-prescription.test.ts"},{"assertionResults":[{"ancestorTitles":["adaptive set allocation"],"fullName":"adaptive set allocation cannot stop before the minimum prescribed sets","status":"passed","title":"cannot stop before the minimum prescribed sets","duration":1.2039999999999793,"failureMessages":[],"meta":{}},{"ancestorTitles":["adaptive set allocation"],"fullName":"adaptive set allocation stops after minimum sets when high-fatigue quality work is achieved","status":"passed","title":"stops after minimum sets when high-fatigue quality work is achieved","duration":0.3981669999999724,"failureMessages":[],"meta":{}},{"ancestorTitles":["adaptive set allocation"],"fullName":"adaptive set allocation recommends one more set when useful stimulus remains","status":"passed","title":"recommends one more set when useful stimulus remains","duration":0.1307909999999879,"failureMessages":[],"meta":{}},{"ancestorTitles":["adaptive set allocation"],"fullName":"adaptive set allocation returns max_reached at the prescribed maximum and never exceeds max sets","status":"passed","title":"returns max_reached at the prescribed maximum and never exceeds max sets","duration":0.16079099999998903,"failureMessages":[],"meta":{}},{"ancestorTitles":["adaptive set allocation"],"fullName":"adaptive set allocation stops instead of adding junk volume after same-load below-minimum evidence","status":"passed","title":"stops instead of adding junk volume after same-load below-minimum evidence","duration":0.1598329999999919,"failureMessages":[],"meta":{}},{"ancestorTitles":["adaptive set allocation"],"fullName":"adaptive set allocation does not punish productive heavier-load fatigue inside the target range","status":"passed","title":"does not punish productive heavier-load fatigue inside the target range","duration":0.1892090000000053,"failureMessages":[],"meta":{}},{"ancestorTitles":["adaptive set allocation"],"fullName":"adaptive set allocation respects shutdown and drop-off stop rules","status":"passed","title":"respects shutdown and drop-off stop rules","duration":0.1625840000000096,"failureMessages":[],"meta":{}},{"ancestorTitles":["adaptive set allocation"],"fullName":"adaptive set allocation lets low-fatigue isolation continue when quality remains high","status":"passed","title":"lets low-fatigue isolation continue when quality remains high","duration":0.11945800000000872,"failureMessages":[],"meta":{}},{"ancestorTitles":["adaptive set allocation"],"fullName":"adaptive set allocation allows 2-4 sets to stop at 2, recommend 3, or go to 4 when justified","status":"passed","title":"allows 2-4 sets to stop at 2, recommend 3, or go to 4 when justified","duration":0.38108300000001805,"failureMessages":[],"meta":{}},{"ancestorTitles":["adaptive set allocation"],"fullName":"adaptive set allocation handles 2-5 and 3-5 ranges without exceeding the prescribed maximum","status":"passed","title":"handles 2-5 and 3-5 ranges without exceeding the prescribed maximum","duration":0.3158329999999978,"failureMessages":[],"meta":{}},{"ancestorTitles":["adaptive set allocation"],"fullName":"adaptive set allocation handles duration exercises using seconds without converting to fake reps","status":"passed","title":"handles duration exercises using seconds without converting to fake reps","duration":0.14895799999999326,"failureMessages":[],"meta":{}},{"ancestorTitles":["adaptive set allocation"],"fullName":"adaptive set allocation keeps user-facing reasons compact","status":"passed","title":"keeps user-facing reasons compact","duration":0.10400000000001342,"failureMessages":[],"meta":{}},{"ancestorTitles":["adaptive set allocation"],"fullName":"adaptive set allocation does not call network, scan history, or mutate logged sets","status":"passed","title":"does not call network, scan history, or mutate logged sets","duration":0.6947499999999991,"failureMessages":[],"meta":{}},{"ancestorTitles":["adaptive set allocation"],"fullName":"adaptive set allocation does not treat two easy top-range sets as automatically complete when prescription intent needs verification","status":"passed","title":"does not treat two easy top-range sets as automatically complete when prescription intent needs verification","duration":0.14033299999999826,"failureMessages":[],"meta":{}},{"ancestorTitles":["adaptive set allocation"],"fullName":"adaptive set allocation runs synchronously with negligible local overhead","status":"passed","title":"runs synchronously with negligible local overhead","duration":10.479416000000015,"failureMessages":[],"meta":{}}],"startTime":1784027432719,"endTime":1784027432733.4795,"status":"passed","message":"","name":"/Users/aaronparry/Documents/Bodybuilding App/tests/adaptive-set-allocation.test.ts"},{"assertionResults":[{"ancestorTitles":["adaptive stimulus delivery"],"fullName":"adaptive stimulus delivery preserves strength competition anchors","status":"passed","title":"preserves strength competition anchors","duration":1.652000000000001,"failureMessages":[],"meta":{}},{"ancestorTitles":["adaptive stimulus delivery"],"fullName":"adaptive stimulus delivery uses efficient hypertrophy delivery without random variety","status":"passed","title":"uses efficient hypertrophy delivery without random variety","duration":0.4312089999999955,"failureMessages":[],"meta":{}},{"ancestorTitles":["adaptive stimulus delivery"],"fullName":"adaptive stimulus delivery does not automatically prefer machines for every stimulus","status":"passed","title":"does not automatically prefer machines for every stimulus","duration":0.6720419999999905,"failureMessages":[],"meta":{}},{"ancestorTitles":["adaptive stimulus delivery"],"fullName":"adaptive stimulus delivery reduces axial loading when low-back fatigue affects non-required anchors","status":"passed","title":"reduces axial loading when low-back fatigue affects non-required anchors","duration":0.5231249999999932,"failureMessages":[],"meta":{}},{"ancestorTitles":["adaptive stimulus delivery"],"fullName":"adaptive stimulus delivery changes pressing delivery under shoulder irritation","status":"passed","title":"changes pressing delivery under shoulder irritation","duration":0.42541699999999594,"failureMessages":[],"meta":{}},{"ancestorTitles":["adaptive stimulus delivery"],"fullName":"adaptive stimulus delivery keeps athletic performance power work as power movement delivery","status":"passed","title":"keeps athletic performance power work as power movement delivery","duration":0.3413749999999993,"failureMessages":[],"meta":{}},{"ancestorTitles":["adaptive stimulus delivery"],"fullName":"adaptive stimulus delivery preserves strength quality for get lean while controlling support fatigue","status":"passed","title":"preserves strength quality for get lean while controlling support fatigue","duration":0.38624999999998977,"failureMessages":[],"meta":{}},{"ancestorTitles":["adaptive stimulus delivery"],"fullName":"adaptive stimulus delivery keeps maintenance delivery economical","status":"passed","title":"keeps maintenance delivery economical","duration":0.4318750000000051,"failureMessages":[],"meta":{}},{"ancestorTitles":["adaptive stimulus delivery"],"fullName":"adaptive stimulus delivery generates acceptable alternatives for every decision","status":"passed","title":"generates acceptable alternatives for every decision","duration":0.6155830000000009,"failureMessages":[],"meta":{}},{"ancestorTitles":["adaptive stimulus delivery"],"fullName":"adaptive stimulus delivery honours preferred exercises only when they fit the coaching reason","status":"passed","title":"honours preferred exercises only when they fit the coaching reason","duration":0.24387500000000273,"failureMessages":[],"meta":{}},{"ancestorTitles":["adaptive stimulus delivery"],"fullName":"adaptive stimulus delivery is deterministic, local, and complete","status":"passed","title":"is deterministic, local, and complete","duration":1.8921250000000214,"failureMessages":[],"meta":{}}],"startTime":1784027433446,"endTime":1784027433453.892,"status":"passed","message":"","name":"/Users/aaronparry/Documents/Bodybuilding App/tests/adaptive-stimulus-delivery.test.ts"},{"assertionResults":[{"ancestorTitles":["adaptive stimulus planner"],"fullName":"adaptive stimulus planner prioritises competition-specific strength stimuli and removes optional junk in strength peak","status":"passed","title":"prioritises competition-specific strength stimuli and removes optional junk in strength peak","duration":1.1531670000000247,"failureMessages":[],"meta":{}},{"ancestorTitles":["adaptive stimulus planner"],"fullName":"adaptive stimulus planner keeps competition anchors plus support stimulus during strength accumulation","status":"passed","title":"keeps competition anchors plus support stimulus during strength accumulation","duration":0.29366699999999923,"failureMessages":[],"meta":{}},{"ancestorTitles":["adaptive stimulus planner"],"fullName":"adaptive stimulus planner hypertrophy push outputs chest, triceps, and delt stimuli instead of exercise names","status":"passed","title":"hypertrophy push outputs chest, triceps, and delt stimuli instead of exercise names","duration":0.21366599999998925,"failureMessages":[],"meta":{}},{"ancestorTitles":["adaptive stimulus planner"],"fullName":"adaptive stimulus planner hypertrophy legs includes quad, hamstring, and glute stimuli","status":"passed","title":"hypertrophy legs includes quad, hamstring, and glute stimuli","duration":0.10775000000001,"failureMessages":[],"meta":{}},{"ancestorTitles":["adaptive stimulus planner"],"fullName":"adaptive stimulus planner build muscle + strength preserves heavy compound anchors plus hypertrophy support","status":"passed","title":"build muscle + strength preserves heavy compound anchors plus hypertrophy support","duration":0.35695799999999167,"failureMessages":[],"meta":{}},{"ancestorTitles":["adaptive stimulus planner"],"fullName":"adaptive stimulus planner athletic performance power session prioritises power and speed stimuli","status":"passed","title":"athletic performance power session prioritises power and speed stimuli","duration":0.19737499999999386,"failureMessages":[],"meta":{}},{"ancestorTitles":["adaptive stimulus planner"],"fullName":"adaptive stimulus planner get lean with poor recovery conserves stress and preserves quality work","status":"passed","title":"get lean with poor recovery conserves stress and preserves quality work","duration":0.10983300000000895,"failureMessages":[],"meta":{}},{"ancestorTitles":["adaptive stimulus planner"],"fullName":"adaptive stimulus planner maintenance preserves key movement patterns without aggressive extras","status":"passed","title":"maintenance preserves key movement patterns without aggressive extras","duration":0.14683299999998667,"failureMessages":[],"meta":{}},{"ancestorTitles":["adaptive stimulus planner"],"fullName":"adaptive stimulus planner deload outputs recovery, skill, and low-stress maintenance","status":"passed","title":"deload outputs recovery, skill, and low-stress maintenance","duration":0.6926670000000001,"failureMessages":[],"meta":{}},{"ancestorTitles":["adaptive stimulus planner"],"fullName":"adaptive stimulus planner low-back fatigue constrains high axial hinge and squat stimuli","status":"passed","title":"low-back fatigue constrains high axial hinge and squat stimuli","duration":0.634083000000004,"failureMessages":[],"meta":{}},{"ancestorTitles":["adaptive stimulus planner"],"fullName":"adaptive stimulus planner shoulder irritation constrains pressing and overhead stimuli","status":"passed","title":"shoulder irritation constrains pressing and overhead stimuli","duration":0.3932920000000024,"failureMessages":[],"meta":{}},{"ancestorTitles":["adaptive stimulus planner"],"fullName":"adaptive stimulus planner time limited trims optional stimuli first","status":"passed","title":"time limited trims optional stimuli first","duration":0.370459000000011,"failureMessages":[],"meta":{}},{"ancestorTitles":["adaptive stimulus planner"],"fullName":"adaptive stimulus planner can consume Cycle Strategy Context without global wiring","status":"passed","title":"can consume Cycle Strategy Context without global wiring","duration":0.502332999999993,"failureMessages":[],"meta":{}},{"ancestorTitles":["adaptive stimulus planner"],"fullName":"adaptive stimulus planner is deterministic, local, compact, and complete","status":"passed","title":"is deterministic, local, compact, and complete","duration":1.133416000000011,"failureMessages":[],"meta":{}}],"startTime":1784027434288,"endTime":1784027434295.1333,"status":"passed","message":"","name":"/Users/aaronparry/Documents/Bodybuilding App/tests/adaptive-stimulus-planner.test.ts"},{"assertionResults":[{"ancestorTitles":["adaptive training state architecture"],"fullName":"adaptive training state architecture defines the five internal training states","status":"passed","title":"defines the five internal training states","duration":1.0523749999999836,"failureMessages":[],"meta":{}},{"ancestorTitles":["adaptive training state architecture"],"fullName":"adaptive training state architecture gives every state minimum and maximum exposure rules plus criteria","status":"passed","title":"gives every state minimum and maximum exposure rules plus criteria","duration":0.5872920000000192,"failureMessages":[],"meta":{}},{"ancestorTitles":["adaptive training state architecture"],"fullName":"adaptive training state architecture uses traditional block names as emphasis hints, not primary structure","status":"passed","title":"uses traditional block names as emphasis hints, not primary structure","duration":0.7215830000000096,"failureMessages":[],"meta":{}},{"ancestorTitles":["adaptive training state architecture"],"fullName":"adaptive training state architecture prevents flip-flopping before minimum exposure is satisfied","status":"passed","title":"prevents flip-flopping before minimum exposure is satisfied","duration":0.22687500000000682,"failureMessages":[],"meta":{}},{"ancestorTitles":["adaptive training state architecture"],"fullName":"adaptive training state architecture allows evidence-based state review after minimum exposure and confidence threshold","status":"passed","title":"allows evidence-based state review after minimum exposure and confidence threshold","duration":0.09795800000000554,"failureMessages":[],"meta":{}},{"ancestorTitles":["adaptive training state architecture"],"fullName":"adaptive training state architecture forces escalation when a state reaches maximum exposure","status":"passed","title":"forces escalation when a state reaches maximum exposure","duration":0.0908330000000035,"failureMessages":[],"meta":{}},{"ancestorTitles":["adaptive training state architecture"],"fullName":"adaptive training state architecture prevents Foundation or Accumulation continuing indefinitely","status":"passed","title":"prevents Foundation or Accumulation continuing indefinitely","duration":0.09033399999998437,"failureMessages":[],"meta":{}},{"ancestorTitles":["adaptive training state architecture"],"fullName":"adaptive training state architecture uses fallback criteria when recovery and completion evidence deteriorate","status":"passed","title":"uses fallback criteria when recovery and completion evidence deteriorate","duration":0.0625,"failureMessages":[],"meta":{}},{"ancestorTitles":["adaptive training state architecture"],"fullName":"adaptive training state architecture keeps low-confidence evidence from forcing a state change","status":"passed","title":"keeps low-confidence evidence from forcing a state change","duration":0.17929200000000378,"failureMessages":[],"meta":{}},{"ancestorTitles":["adaptive training state architecture"],"fullName":"adaptive training state architecture does not implement the future session PR or progress recognition system","status":"passed","title":"does not implement the future session PR or progress recognition system","duration":0.2174579999999935,"failureMessages":[],"meta":{}},{"ancestorTitles":["adaptive training state architecture"],"fullName":"adaptive training state architecture is deterministic and does not use network, storage, or async work","status":"passed","title":"is deterministic and does not use network, storage, or async work","duration":0.25820800000002464,"failureMessages":[],"meta":{}}],"startTime":1784027434506,"endTime":1784027434509.2583,"status":"passed","message":"","name":"/Users/aaronparry/Documents/Bodybuilding App/tests/adaptive-training-state.test.ts"},{"assertionResults":[{"ancestorTitles":["advanced reporting"],"fullName":"advanced reporting builds a Strength Report from primary lift history","status":"passed","title":"builds a Strength Report from primary lift history","duration":11.744167000000004,"failureMessages":[],"meta":{}},{"ancestorTitles":["advanced reporting"],"fullName":"advanced reporting builds a Volume Report while excluding warm-ups, cardio, and removed future rows","status":"passed","title":"builds a Volume Report while excluding warm-ups, cardio, and removed future rows","duration":8.741624999999999,"failureMessages":[],"meta":{}},{"ancestorTitles":["advanced reporting"],"fullName":"advanced reporting builds a Recovery & Capacity Report from cardio logs and weekly targets","status":"passed","title":"builds a Recovery & Capacity Report from cardio logs and weekly targets","duration":1.96225000000004,"failureMessages":[],"meta":{}},{"ancestorTitles":["advanced reporting"],"fullName":"advanced reporting builds a Consistency Report from planned workout completion","status":"passed","title":"builds a Consistency Report from planned workout completion","duration":0.7863329999999564,"failureMessages":[],"meta":{}},{"ancestorTitles":["advanced reporting"],"fullName":"advanced reporting uses building-data copy when history is insufficient","status":"passed","title":"uses building-data copy when history is insufficient","duration":0.4484170000000063,"failureMessages":[],"meta":{}}],"startTime":1784027432978,"endTime":1784027433001.7864,"status":"passed","message":"","name":"/Users/aaronparry/Documents/Bodybuilding App/tests/advanced-reporting.test.ts"},{"assertionResults":[{"ancestorTitles":["Analytics planning context"],"fullName":"Analytics planning context uses the current mesocycle, microcycle, and session role without reading legacy block metadata","status":"passed","title":"uses the current mesocycle, microcycle, and session role without reading legacy block metadata","duration":2.1762919999999895,"failureMessages":[],"meta":{}},{"ancestorTitles":["Analytics planning context"],"fullName":"Analytics planning context returns an explicit no-plan state rather than inventing annual context","status":"passed","title":"returns an explicit no-plan state rather than inventing annual context","duration":0.16995900000000574,"failureMessages":[],"meta":{}},{"ancestorTitles":["Analytics planning context"],"fullName":"Analytics planning context marks older plans as compatibility context without promoting their block metadata","status":"passed","title":"marks older plans as compatibility context without promoting their block metadata","duration":0.28162499999999113,"failureMessages":[],"meta":{}}],"startTime":1784027435354,"endTime":1784027435356.2817,"status":"passed","message":"","name":"/Users/aaronparry/Documents/Bodybuilding App/tests/analytics-planning-context.test.ts"},{"assertionResults":[{"ancestorTitles":["Analytics and reporting isolation"],"fullName":"Analytics and reporting isolation keeps Analytics read-only with respect to plan and training-year authority","status":"passed","title":"keeps Analytics read-only with respect to plan and training-year authority","duration":1.4453340000000026,"failureMessages":[],"meta":{}},{"ancestorTitles":["Analytics and reporting isolation"],"fullName":"Analytics and reporting isolation keeps reporting as an aggregation layer without a TrainingBlock input","status":"passed","title":"keeps reporting as an aggregation layer without a TrainingBlock input","duration":0.49783400000001166,"failureMessages":[],"meta":{}}],"startTime":1784027436453,"endTime":1784027436455.4978,"status":"passed","message":"","name":"/Users/aaronparry/Documents/Bodybuilding App/tests/analytics-reporting-isolation.test.ts"},{"assertionResults":[{"ancestorTitles":["analytics utilities"],"fullName":"analytics utilities calculates weekly volume and estimated volume load","status":"passed","title":"calculates weekly volume and estimated volume load","duration":1.4990000000000236,"failureMessages":[],"meta":{}},{"ancestorTitles":["analytics utilities"],"fullName":"analytics utilities calculates muscle group sets from exercise metadata","status":"passed","title":"calculates muscle group sets from exercise metadata","duration":0.26083399999998846,"failureMessages":[],"meta":{}},{"ancestorTitles":["analytics utilities"],"fullName":"analytics utilities calculates exercise frequency and exercise analytics","status":"passed","title":"calculates exercise frequency and exercise analytics","duration":0.42387499999998113,"failureMessages":[],"meta":{}},{"ancestorTitles":["analytics utilities"],"fullName":"analytics utilities builds dashboard insights and adherence","status":"passed","title":"builds dashboard insights and adherence","duration":0.7554580000000044,"failureMessages":[],"meta":{}}],"startTime":1784027435070,"endTime":1784027435072.7554,"status":"passed","message":"","name":"/Users/aaronparry/Documents/Bodybuilding App/tests/analytics.test.ts"},{"assertionResults":[{"ancestorTitles":["annual autoregulation planning"],"fullName":"annual autoregulation planning uses hypertrophy block defaults","status":"passed","title":"uses hypertrophy block defaults","duration":1.6026669999999967,"failureMessages":[],"meta":{}},{"ancestorTitles":["annual autoregulation planning"],"fullName":"annual autoregulation planning uses strength block defaults","status":"passed","title":"uses strength block defaults","duration":0.4842079999999953,"failureMessages":[],"meta":{}},{"ancestorTitles":["annual autoregulation planning"],"fullName":"annual autoregulation planning creates the natural lifter annual block sequence","status":"passed","title":"creates the natural lifter annual block sequence","duration":0.3455409999999972,"failureMessages":[],"meta":{}},{"ancestorTitles":["annual autoregulation planning"],"fullName":"annual autoregulation planning keeps every block hypertrophy-first enough to retain muscle work","status":"passed","title":"keeps every block hypertrophy-first enough to retain muscle work","duration":0.6694999999999993,"failureMessages":[],"meta":{}},{"ancestorTitles":["annual autoregulation planning"],"fullName":"annual autoregulation planning models powerbuilding as strength plus hypertrophy","status":"passed","title":"models powerbuilding as strength plus hypertrophy","duration":0.3997499999999832,"failureMessages":[],"meta":{}},{"ancestorTitles":["annual autoregulation planning"],"fullName":"annual autoregulation planning models strength and power blocks with hypertrophy accessories","status":"passed","title":"models strength and power blocks with hypertrophy accessories","duration":0.23295899999999392,"failureMessages":[],"meta":{}},{"ancestorTitles":["annual autoregulation planning"],"fullName":"annual autoregulation planning treats rising quality sets as emergent volume","status":"passed","title":"treats rising quality sets as emergent volume","duration":0.22633299999998258,"failureMessages":[],"meta":{}},{"ancestorTitles":["annual autoregulation planning"],"fullName":"annual autoregulation planning detects a best-set deload trigger after a meaningful drop","status":"passed","title":"detects a best-set deload trigger after a meaningful drop","duration":0.18675000000001774,"failureMessages":[],"meta":{}},{"ancestorTitles":["annual autoregulation planning"],"fullName":"annual autoregulation planning detects quality set collapse","status":"passed","title":"detects quality set collapse","duration":0.504792000000009,"failureMessages":[],"meta":{}},{"ancestorTitles":["annual autoregulation planning"],"fullName":"annual autoregulation planning does not recommend deload from one weak signal","status":"passed","title":"does not recommend deload from one weak signal","duration":0.5250829999999951,"failureMessages":[],"meta":{}},{"ancestorTitles":["annual autoregulation planning"],"fullName":"annual autoregulation planning recommends a deload when multiple fatigue signals align","status":"passed","title":"recommends a deload when multiple fatigue signals align","duration":0.6347079999999892,"failureMessages":[],"meta":{}}],"startTime":1784027435206,"endTime":1784027435211.6348,"status":"passed","message":"","name":"/Users/aaronparry/Documents/Bodybuilding App/tests/annual-planning.test.ts"},{"assertionResults":[{"ancestorTitles":["app environment"],"fullName":"app environment normalizes known app environments","status":"passed","title":"normalizes known app environments","duration":0.5795420000000036,"failureMessages":[],"meta":{}},{"ancestorTitles":["app environment"],"fullName":"app environment falls back unknown environment values to development","status":"passed","title":"falls back unknown environment values to development","duration":0.13283300000000509,"failureMessages":[],"meta":{}},{"ancestorTitles":["app environment"],"fullName":"app environment only allows Design QA Mode outside production","status":"passed","title":"only allows Design QA Mode outside production","duration":0.07291699999998968,"failureMessages":[],"meta":{}},{"ancestorTitles":["app environment"],"fullName":"app environment treats only non-production builds as internal runtime","status":"passed","title":"treats only non-production builds as internal runtime","duration":0.10870900000000461,"failureMessages":[],"meta":{}},{"ancestorTitles":["app environment"],"fullName":"app environment enables V3 active workout validation flags for internal profiles and the production release candidate","status":"passed","title":"enables V3 active workout validation flags for internal profiles and the production release candidate","duration":0.6715829999999983,"failureMessages":[],"meta":{}},{"ancestorTitles":["app environment"],"fullName":"app environment keeps the V3 Train-screen status indicator internal-only even when production V3 is enabled","status":"passed","title":"keeps the V3 Train-screen status indicator internal-only even when production V3 is enabled","duration":0.876749999999987,"failureMessages":[],"meta":{}}],"startTime":1784027436929,"endTime":1784027436930.8767,"status":"passed","message":"","name":"/Users/aaronparry/Documents/Bodybuilding App/tests/app-environment.test.ts"},{"assertionResults":[{"ancestorTitles":["app icon configuration"],"fullName":"app icon configuration uses the Adaptive Strength Coach icon for Expo and iOS","status":"passed","title":"uses the Adaptive Strength Coach icon for Expo and iOS","duration":0.6501250000000027,"failureMessages":[],"meta":{}},{"ancestorTitles":["app icon configuration"],"fullName":"app icon configuration keeps the native iOS AppIcon synced to the branded source icon","status":"passed","title":"keeps the native iOS AppIcon synced to the branded source icon","duration":2.9111660000000086,"failureMessages":[],"meta":{}},{"ancestorTitles":["app icon configuration"],"fullName":"app icon configuration does not keep the placeholder native iOS bundle identifier","status":"passed","title":"does not keep the placeholder native iOS bundle identifier","duration":0.5904590000000098,"failureMessages":[],"meta":{}}],"startTime":1784027435139,"endTime":1784027435143.5906,"status":"passed","message":"","name":"/Users/aaronparry/Documents/Bodybuilding App/tests/app-icon-config.test.ts"},{"assertionResults":[{"ancestorTitles":["app review prompt timing"],"fullName":"app review prompt timing does not allow a review prompt on first launch or before value is delivered","status":"passed","title":"does not allow a review prompt on first launch or before value is delivered","duration":0.9095000000000084,"failureMessages":[],"meta":{}},{"ancestorTitles":["app review prompt timing"],"fullName":"app review prompt timing does not prompt during onboarding","status":"passed","title":"does not prompt during onboarding","duration":0.3177080000000103,"failureMessages":[],"meta":{}},{"ancestorTitles":["app review prompt timing"],"fullName":"app review prompt timing does not prompt after paywall, trial, restore, or subscription flows","status":"passed","title":"does not prompt after paywall, trial, restore, or subscription flows","duration":0.07433299999999576,"failureMessages":[],"meta":{}},{"ancestorTitles":["app review prompt timing"],"fullName":"app review prompt timing does not prompt after a failed workout, missed range, recovery warning, crash, or offline/error session","status":"passed","title":"does not prompt after a failed workout, missed range, recovery warning, crash, or offline/error session","duration":0.14433400000001484,"failureMessages":[],"meta":{}},{"ancestorTitles":["app review prompt timing"],"fullName":"app review prompt timing allows a prompt after five completed planned workouts","status":"passed","title":"allows a prompt after five completed planned workouts","duration":0.16283300000000622,"failureMessages":[],"meta":{}},{"ancestorTitles":["app review prompt timing"],"fullName":"app review prompt timing allows a prompt after the first PR","status":"passed","title":"allows a prompt after the first PR","duration":0.07487499999999159,"failureMessages":[],"meta":{}},{"ancestorTitles":["app review prompt timing"],"fullName":"app review prompt timing allows a prompt after the first completed training week","status":"passed","title":"allows a prompt after the first completed training week","duration":0.051792000000006055,"failureMessages":[],"meta":{}},{"ancestorTitles":["app review prompt timing"],"fullName":"app review prompt timing suppresses prompts if the user was prompted within 30 days","status":"passed","title":"suppresses prompts if the user was prompted within 30 days","duration":0.8507089999999948,"failureMessages":[],"meta":{}},{"ancestorTitles":["app review prompt timing"],"fullName":"app review prompt timing persists prompt history across store reads and cache resets","status":"passed","title":"persists prompt history across store reads and cache resets","duration":0.26120800000001054,"failureMessages":[],"meta":{}},{"ancestorTitles":["app review prompt timing"],"fullName":"app review prompt timing fails silently and does not record a prompt when native review is unavailable","status":"passed","title":"fails silently and does not record a prompt when native review is unavailable","duration":0.13966700000000287,"failureMessages":[],"meta":{}},{"ancestorTitles":["app review prompt timing"],"fullName":"app review prompt timing records prompt history when the native review request is attempted","status":"passed","title":"records prompt history when the native review request is attempted","duration":0.07129100000000221,"failureMessages":[],"meta":{}}],"startTime":1784027433451,"endTime":1784027433454.1396,"status":"passed","message":"","name":"/Users/aaronparry/Documents/Bodybuilding App/tests/app-review-prompt.test.ts"},{"assertionResults":[{"ancestorTitles":["app settings"],"fullName":"app settings returns a stable external-store snapshot between writes","status":"passed","title":"returns a stable external-store snapshot between writes","duration":3.05570800000001,"failureMessages":[],"meta":{}},{"ancestorTitles":["app settings"],"fullName":"app settings normalizes training defaults into safe ranges","status":"passed","title":"normalizes training defaults into safe ranges","duration":0.5605829999999798,"failureMessages":[],"meta":{}},{"ancestorTitles":["app settings"],"fullName":"app settings turns user settings into progression defaults","status":"passed","title":"turns user settings into progression defaults","duration":0.1904999999999859,"failureMessages":[],"meta":{}},{"ancestorTitles":["app settings"],"fullName":"app settings resolves workout settings with programme rep prescription before block defaults","status":"passed","title":"resolves workout settings with programme rep prescription before block defaults","duration":0.6555829999999787,"failureMessages":[],"meta":{}},{"ancestorTitles":["app settings"],"fullName":"app settings resolves workout load increment from equipment profile when no programme slot overrides it","status":"passed","title":"resolves workout load increment from equipment profile when no programme slot overrides it","duration":0.3842909999999904,"failureMessages":[],"meta":{}}],"startTime":1784027435777,"endTime":1784027435782.3843,"status":"passed","message":"","name":"/Users/aaronparry/Documents/Bodybuilding App/tests/app-settings.test.ts"},{"assertionResults":[{"ancestorTitles":["benchmark session review pack"],"fullName":"benchmark session review pack builds the summary from all complete V2 benchmark sessions","status":"passed","title":"builds the summary from all complete V2 benchmark sessions","duration":9.219750000000033,"failureMessages":[],"meta":{}},{"ancestorTitles":["benchmark session review pack"],"fullName":"benchmark session review pack renders every session as a browser-openable static review card","status":"passed","title":"renders every session as a browser-openable static review card","duration":4.887042000000008,"failureMessages":[],"meta":{}},{"ancestorTitles":["benchmark session review pack"],"fullName":"benchmark session review pack shows session header, coach intent, stimuli, delivery, prescription, and review fields","status":"passed","title":"shows session header, coach intent, stimuli, delivery, prescription, and review fields","duration":5.216457999999989,"failureMessages":[],"meta":{}},{"ancestorTitles":["benchmark session review pack"],"fullName":"benchmark session review pack highlights all requested flag categories","status":"passed","title":"highlights all requested flag categories","duration":5.495708999999977,"failureMessages":[],"meta":{}},{"ancestorTitles":["benchmark session review pack"],"fullName":"benchmark session review pack writes the review pack without app, Expo, server, or network dependencies","status":"passed","title":"writes the review pack without app, Expo, server, or network dependencies","duration":5.872083000000032,"failureMessages":[],"meta":{}}],"startTime":1784027432394,"endTime":1784027432424.872,"status":"passed","message":"","name":"/Users/aaronparry/Documents/Bodybuilding App/tests/benchmark-session-review-pack.test.ts"},{"assertionResults":[{"ancestorTitles":["block progress score"],"fullName":"block progress score scores strong hypertrophy logbook improvement as strong progress","status":"passed","title":"scores strong hypertrophy logbook improvement as strong progress","duration":0.8098750000000052,"failureMessages":[],"meta":{}},{"ancestorTitles":["block progress score"],"fullName":"block progress score treats maintained performance with increased volume as useful or strong hypertrophy progress","status":"passed","title":"treats maintained performance with increased volume as useful or strong hypertrophy progress","duration":0.43524999999999636,"failureMessages":[],"meta":{}},{"ancestorTitles":["block progress score"],"fullName":"block progress score scores strength main lift improvement as strong progress","status":"passed","title":"scores strength main lift improvement as strong progress","duration":0.07833300000001486,"failureMessages":[],"meta":{}},{"ancestorTitles":["block progress score"],"fullName":"block progress score penalises concurrent development when strength crashes despite hypertrophy improvement","status":"passed","title":"penalises concurrent development when strength crashes despite hypertrophy improvement","duration":0.34191699999999514,"failureMessages":[],"meta":{}},{"ancestorTitles":["block progress score"],"fullName":"block progress score scores preservation blocks useful or strong when strength and muscle-building performance are maintained","status":"passed","title":"scores preservation blocks useful or strong when strength and muscle-building performance are maintained","duration":0.09754200000000424,"failureMessages":[],"meta":{}},{"ancestorTitles":["block progress score"],"fullName":"block progress score scores regression trends as regression or poor progress","status":"passed","title":"scores regression trends as regression or poor progress","duration":0.0882079999999803,"failureMessages":[],"meta":{}},{"ancestorTitles":["block progress score"],"fullName":"block progress score lowers evidence quality for missing or noisy data","status":"passed","title":"lowers evidence quality for missing or noisy data","duration":0.0660000000000025,"failureMessages":[],"meta":{}},{"ancestorTitles":["block progress score"],"fullName":"block progress score missed sessions lower completion score","status":"passed","title":"missed sessions lower completion score","duration":0.12341699999998923,"failureMessages":[],"meta":{}},{"ancestorTitles":["block progress score"],"fullName":"block progress score unknown trends return unclear neutral rather than pretending progress","status":"passed","title":"unknown trends return unclear neutral rather than pretending progress","duration":0.18595899999999688,"failureMessages":[],"meta":{}},{"ancestorTitles":["block progress score"],"fullName":"block progress score clamps scores to 0-100","status":"passed","title":"clamps scores to 0-100","duration":0.11304100000000972,"failureMessages":[],"meta":{}},{"ancestorTitles":["block progress score"],"fullName":"block progress score is deterministic and does not implement fatigue or next-block decision logic","status":"passed","title":"is deterministic and does not implement fatigue or next-block decision logic","duration":0.4733750000000043,"failureMessages":[],"meta":{}}],"startTime":1784027434089,"endTime":1784027434091.4734,"status":"passed","message":"","name":"/Users/aaronparry/Documents/Bodybuilding App/tests/block-progress-score.test.ts"},{"assertionResults":[{"ancestorTitles":["block review planning rules"],"fullName":"block review planning rules keeps continuous development reviews evidence-driven","status":"passed","title":"keeps continuous development reviews evidence-driven","duration":0.9237080000000049,"failureMessages":[],"meta":{}},{"ancestorTitles":["block review planning rules"],"fullName":"block review planning rules allows continuous review paths without letting the calendar force them","status":"passed","title":"allows continuous review paths without letting the calendar force them","duration":0.28062499999998636,"failureMessages":[],"meta":{}},{"ancestorTitles":["block review planning rules"],"fullName":"block review planning rules protects mandatory powerlifting meet phases","status":"passed","title":"protects mandatory powerlifting meet phases","duration":1.3616669999999829,"failureMessages":[],"meta":{}},{"ancestorTitles":["block review planning rules"],"fullName":"block review planning rules treats event-driven powerlifting as event-constrained even when inferred from the event plan","status":"passed","title":"treats event-driven powerlifting as event-constrained even when inferred from the event plan","duration":0.9304170000000056,"failureMessages":[],"meta":{}},{"ancestorTitles":["block review planning rules"],"fullName":"block review planning rules returns manual planning for unsupported event types","status":"passed","title":"returns manual planning for unsupported event types","duration":0.22787499999998317,"failureMessages":[],"meta":{}},{"ancestorTitles":["block review planning rules"],"fullName":"block review planning rules does not implement the actual block review decision yet","status":"passed","title":"does not implement the actual block review decision yet","duration":0.27558299999998326,"failureMessages":[],"meta":{}},{"ancestorTitles":["block review planning rules"],"fullName":"block review planning rules is deterministic and does not use network, storage, or async work","status":"passed","title":"is deterministic and does not use network, storage, or async work","duration":0.2094589999999812,"failureMessages":[],"meta":{}}],"startTime":1784027433637,"endTime":1784027433641.2756,"status":"passed","message":"","name":"/Users/aaronparry/Documents/Bodybuilding App/tests/block-review-rules.test.ts"},{"assertionResults":[{"ancestorTitles":["initial block strategy"],"fullName":"initial block strategy maps Build Muscle to Hypertrophy Accumulation","status":"passed","title":"maps Build Muscle to Hypertrophy Accumulation","duration":1.0525829999999985,"failureMessages":[],"meta":{}},{"ancestorTitles":["initial block strategy"],"fullName":"initial block strategy maps Get Stronger to Strength Accumulation","status":"passed","title":"maps Get Stronger to Strength Accumulation","duration":0.25774999999998727,"failureMessages":[],"meta":{}},{"ancestorTitles":["initial block strategy"],"fullName":"initial block strategy maps Build Muscle + Strength to Concurrent Development","status":"passed","title":"maps Build Muscle + Strength to Concurrent Development","duration":0.09595800000002441,"failureMessages":[],"meta":{}},{"ancestorTitles":["initial block strategy"],"fullName":"initial block strategy maps Athletic Performance to General Physical Preparation","status":"passed","title":"maps Athletic Performance to General Physical Preparation","duration":0.06904199999999605,"failureMessages":[],"meta":{}},{"ancestorTitles":["initial block strategy"],"fullName":"initial block strategy maps Lose Fat to Muscle & Strength Preservation","status":"passed","title":"maps Lose Fat to Muscle & Strength Preservation","duration":0.18191699999999855,"failureMessages":[],"meta":{}},{"ancestorTitles":["initial block strategy"],"fullName":"initial block strategy returns planning required for event-driven commitments","status":"passed","title":"returns planning required for event-driven commitments","duration":0.08595900000000256,"failureMessages":[],"meta":{}},{"ancestorTitles":["initial block strategy"],"fullName":"initial block strategy accepts current onboarding goal ids as compatibility aliases","status":"passed","title":"accepts current onboarding goal ids as compatibility aliases","duration":0.12429199999999696,"failureMessages":[],"meta":{}},{"ancestorTitles":["initial block strategy"],"fullName":"initial block strategy is deterministic","status":"passed","title":"is deterministic","duration":0.09520800000001373,"failureMessages":[],"meta":{}},{"ancestorTitles":["initial block strategy"],"fullName":"initial block strategy keeps review week reachable before the planned endpoint where possible","status":"passed","title":"keeps review week reachable before the planned endpoint where possible","duration":0.41124999999999545,"failureMessages":[],"meta":{}},{"ancestorTitles":["initial block strategy"],"fullName":"initial block strategy returns only block-strategy fields, not workout prescriptions","status":"passed","title":"returns only block-strategy fields, not workout prescriptions","duration":0.1344169999999849,"failureMessages":[],"meta":{}}],"startTime":1784027434274,"endTime":1784027434276.4111,"status":"passed","message":"","name":"/Users/aaronparry/Documents/Bodybuilding App/tests/block-strategy.test.ts"},{"assertionResults":[{"ancestorTitles":["block training lanes"],"fullName":"block training lanes returns biased-blend lane composition for each block","status":"passed","title":"returns biased-blend lane composition for each block","duration":1.141333000000003,"failureMessages":[],"meta":{}},{"ancestorTitles":["block training lanes"],"fullName":"block training lanes assigns lanes to planned exercise roles by block","status":"passed","title":"assigns lanes to planned exercise roles by block","duration":0.330916000000002,"failureMessages":[],"meta":{}},{"ancestorTitles":["block training lanes"],"fullName":"block training lanes exposes lane-specific prescription constraints","status":"passed","title":"exposes lane-specific prescription constraints","duration":0.11233400000000415,"failureMessages":[],"meta":{}},{"ancestorTitles":["block training lanes"],"fullName":"block training lanes adds lane metadata to generated workouts","status":"passed","title":"adds lane metadata to generated workouts","duration":4.65183399999998,"failureMessages":[],"meta":{}},{"ancestorTitles":["block training lanes"],"fullName":"block training lanes power and peak lanes keep heavy exposure budgets tighter than hypertrophy","status":"passed","title":"power and peak lanes keep heavy exposure budgets tighter than hypertrophy","duration":0.26404200000001765,"failureMessages":[],"meta":{}},{"ancestorTitles":["block training lanes"],"fullName":"block training lanes does not blindly reuse hypertrophy loads for strength targets","status":"passed","title":"does not blindly reuse hypertrophy loads for strength targets","duration":0.1791249999999991,"failureMessages":[],"meta":{}},{"ancestorTitles":["block training lanes"],"fullName":"block training lanes maps strength loads back to sensible hypertrophy targets","status":"passed","title":"maps strength loads back to sensible hypertrophy targets","duration":0.05629199999998491,"failureMessages":[],"meta":{}},{"ancestorTitles":["block training lanes"],"fullName":"block training lanes keeps unknown loads percentage-based because transition conversion needs work-set history","status":"passed","title":"keeps unknown loads percentage-based because transition conversion needs work-set history","duration":0.10037499999998545,"failureMessages":[],"meta":{}},{"ancestorTitles":["block training lanes"],"fullName":"block training lanes recalibrates exact-history starting loads through production resolver","status":"passed","title":"recalibrates exact-history starting loads through production resolver","duration":0.42070799999999053,"failureMessages":[],"meta":{}}],"startTime":1784027433843,"endTime":1784027433850.4207,"status":"passed","message":"","name":"/Users/aaronparry/Documents/Bodybuilding App/tests/block-training-lanes.test.ts"},{"assertionResults":[{"ancestorTitles":["cardio dose progression"],"fullName":"cardio dose progression suppresses user-facing dose suggestions when cardio is off","status":"passed","title":"suppresses user-facing dose suggestions when cardio is off","duration":0.6092919999999822,"failureMessages":[],"meta":{}},{"ancestorTitles":["cardio dose progression"],"fullName":"cardio dose progression keeps minimal mode quiet unless recovery evidence is clear","status":"passed","title":"keeps minimal mode quiet unless recovery evidence is clear","duration":0.20924999999999727,"failureMessages":[],"meta":{}},{"ancestorTitles":["cardio dose progression"],"fullName":"cardio dose progression starts low for muscle-building users","status":"passed","title":"starts low for muscle-building users","duration":0.0857910000000004,"failureMessages":[],"meta":{}},{"ancestorTitles":["cardio dose progression"],"fullName":"cardio dose progression progresses duration before frequency","status":"passed","title":"progresses duration before frequency","duration":0.18504200000000992,"failureMessages":[],"meta":{}},{"ancestorTitles":["cardio dose progression"],"fullName":"cardio dose progression allows more conditioning for athletic performance","status":"passed","title":"allows more conditioning for athletic performance","duration":0.11341600000000085,"failureMessages":[],"meta":{}},{"ancestorTitles":["cardio dose progression"],"fullName":"cardio dose progression reduces hard conditioning during taper or peak contexts","status":"passed","title":"reduces hard conditioning during taper or peak contexts","duration":0.07662500000000705,"failureMessages":[],"meta":{}},{"ancestorTitles":["cardio dose progression"],"fullName":"cardio dose progression holds or reduces dose when excessive hard cardio is already adding systemic cost","status":"passed","title":"holds or reduces dose when excessive hard cardio is already adding systemic cost","duration":0.07166599999999335,"failureMessages":[],"meta":{}}],"startTime":1784027437124,"endTime":1784027437126.0718,"status":"passed","message":"","name":"/Users/aaronparry/Documents/Bodybuilding App/tests/cardio-dose.test.ts"},{"assertionResults":[{"ancestorTitles":["cardio interference rules"],"fullName":"cardio interference rules allows easy recovery cardio around lifting","status":"passed","title":"allows easy recovery cardio around lifting","duration":0.5523749999999836,"failureMessages":[],"meta":{}},{"ancestorTitles":["cardio interference rules"],"fullName":"cardio interference rules avoids hard lower-body conditioning before heavy squat or deadlift work","status":"passed","title":"avoids hard lower-body conditioning before heavy squat or deadlift work","duration":0.20116600000000062,"failureMessages":[],"meta":{}},{"ancestorTitles":["cardio interference rules"],"fullName":"cardio interference rules suppresses hard conditioning during taper/event week","status":"passed","title":"suppresses hard conditioning during taper/event week","duration":0.07116699999997422,"failureMessages":[],"meta":{}},{"ancestorTitles":["cardio interference rules"],"fullName":"cardio interference rules cautions capacity cardio when systemic fatigue is moderate","status":"passed","title":"cautions capacity cardio when systemic fatigue is moderate","duration":0.0836659999999938,"failureMessages":[],"meta":{}},{"ancestorTitles":["cardio interference rules"],"fullName":"cardio interference rules cautions capacity cardio before heavy lower work even before modality is chosen","status":"passed","title":"cautions capacity cardio before heavy lower work even before modality is chosen","duration":0.046333000000004176,"failureMessages":[],"meta":{}},{"ancestorTitles":["cardio interference rules"],"fullName":"cardio interference rules avoids performance conditioning before heavy lower work for non-athletic goals","status":"passed","title":"avoids performance conditioning before heavy lower work for non-athletic goals","duration":0.05779199999997786,"failureMessages":[],"meta":{}},{"ancestorTitles":["cardio interference rules"],"fullName":"cardio interference rules avoids capacity work when lifting fatigue is high","status":"passed","title":"avoids capacity work when lifting fatigue is high","duration":0.085708000000011,"failureMessages":[],"meta":{}},{"ancestorTitles":["cardio interference rules"],"fullNa
[...]
 navigation and logging UI contracts allows logged sets to be edited from set history","status":"passed","title":"allows logged sets to be edited from set history","duration":0.30237500000001205,"failureMessages":[],"meta":{}},{"ancestorTitles":["workout navigation and logging UI contracts"],"fullName":"workout navigation and logging UI contracts keeps edit-set mode separate from new-set logging context","status":"passed","title":"keeps edit-set mode separate from new-set logging context","duration":0.1230419999999981,"failureMessages":[],"meta":{}},{"ancestorTitles":["workout navigation and logging UI contracts"],"fullName":"workout navigation and logging UI contracts refreshes the edited row and closes the edit drawer after save, cancel, or delete","status":"passed","title":"refreshes the edited row and closes the edit drawer after save, cancel, or delete","duration":0.13629199999999742,"failureMessages":[],"meta":{}},{"ancestorTitles":["workout navigation and logging UI contracts"],"fullName":"workout navigation and logging UI contracts keeps performance and edit drawers keyboard-aware and dismissible","status":"passed","title":"keeps performance and edit drawers keyboard-aware and dismissible","duration":0.12024999999999864,"failureMessages":[],"meta":{}},{"ancestorTitles":["workout navigation and logging UI contracts"],"fullName":"workout navigation and logging UI contracts dismisses transient Train overlays when navigating away from the Train tab","status":"passed","title":"dismisses transient Train overlays when navigating away from the Train tab","duration":0.12391599999997993,"failureMessages":[],"meta":{}},{"ancestorTitles":["workout navigation and logging UI contracts"],"fullName":"workout navigation and logging UI contracts opens logged set rows as edit targets","status":"passed","title":"opens logged set rows as edit targets","duration":0.12758300000001555,"failureMessages":[],"meta":{}},{"ancestorTitles":["workout navigation and logging UI contracts"],"fullName":"workout navigation and logging UI contracts logs the committed manual load on the first attempt","status":"passed","title":"logs the committed manual load on the first attempt","duration":0.07874999999998522,"failureMessages":[],"meta":{}},{"ancestorTitles":["workout navigation and logging UI contracts"],"fullName":"workout navigation and logging UI contracts keeps active workout data ahead of programme-day creation when Train remounts","status":"passed","title":"keeps active workout data ahead of programme-day creation when Train remounts","duration":0.09962500000000318,"failureMessages":[],"meta":{}},{"ancestorTitles":["workout navigation and logging UI contracts"],"fullName":"workout navigation and logging UI contracts uses the recovery constructor as the only active-plan workout path","status":"passed","title":"uses the recovery constructor as the only active-plan workout path","duration":0.06283300000001191,"failureMessages":[],"meta":{}},{"ancestorTitles":["workout navigation and logging UI contracts"],"fullName":"workout navigation and logging UI contracts starts the active-plan Train flow when the legacy preview is unavailable instead of restarting onboarding","status":"passed","title":"starts the active-plan Train flow when the legacy preview is unavailable instead of restarting onboarding","duration":0.17924999999999613,"failureMessages":[],"meta":{}},{"ancestorTitles":["workout navigation and logging UI contracts"],"fullName":"workout navigation and logging UI contracts keeps V2 live prescriptions out of a visible QA card on Train","status":"passed","title":"keeps V2 live prescriptions out of a visible QA card on Train","duration":0.09787500000001614,"failureMessages":[],"meta":{}},{"ancestorTitles":["workout navigation and logging UI contracts"],"fullName":"workout navigation and logging UI contracts prompts before replacing a different active workout from Home","status":"passed","title":"prompts before replacing a different active workout from Home","duration":0.09562499999998408,"failureMessages":[],"meta":{}},{"ancestorTitles":["workout navigation and logging UI contracts"],"fullName":"workout navigation and logging UI contracts keeps unknown-load guidance readable in overview set rows","status":"passed","title":"keeps unknown-load guidance readable in overview set rows","duration":0.17987500000000978,"failureMessages":[],"meta":{}},{"ancestorTitles":["workout navigation and logging UI contracts"],"fullName":"workout navigation and logging UI contracts only shows in-session escalation when another work row remains","status":"passed","title":"only shows in-session escalation when another work row remains","duration":0.11045899999999165,"failureMessages":[],"meta":{}},{"ancestorTitles":["workout navigation and logging UI contracts"],"fullName":"workout navigation and logging UI contracts wires immediate in-session load drops into the live workout logger","status":"passed","title":"wires immediate in-session load drops into the live workout logger","duration":0.3174160000000086,"failureMessages":[],"meta":{}},{"ancestorTitles":["workout navigation and logging UI contracts"],"fullName":"workout navigation and logging UI contracts shows in-session escalation as a modal after the drawer closes","status":"passed","title":"shows in-session escalation as a modal after the drawer closes","duration":0.31616699999997877,"failureMessages":[],"meta":{}},{"ancestorTitles":["workout navigation and logging UI contracts"],"fullName":"workout navigation and logging UI contracts keeps rest timer visible while scrolling and alerts when rest ends","status":"passed","title":"keeps rest timer visible while scrolling and alerts when rest ends","duration":0.7465829999999869,"failureMessages":[],"meta":{}},{"ancestorTitles":["workout navigation and logging UI contracts"],"fullName":"workout navigation and logging UI contracts surfaces cardio interference guidance in the cardio logging flow without changing lifting controls","status":"passed","title":"surfaces cardio interference guidance in the cardio logging flow without changing lifting controls","duration":0.3477919999999983,"failureMessages":[],"meta":{}},{"ancestorTitles":["workout navigation and logging UI contracts"],"fullName":"workout navigation and logging UI contracts keeps performance drawer reps as a single editable field without preset chips","status":"passed","title":"keeps performance drawer reps as a single editable field without preset chips","duration":0.09808299999997416,"failureMessages":[],"meta":{}},{"ancestorTitles":["workout navigation and logging UI contracts"],"fullName":"workout navigation and logging UI contracts does not let warm-up load entry update the working-load prescription","status":"passed","title":"does not let warm-up load entry update the working-load prescription","duration":0.07416700000001697,"failureMessages":[],"meta":{}},{"ancestorTitles":["workout navigation and logging UI contracts"],"fullName":"workout navigation and logging UI contracts keeps load unit inline with the drawer load input","status":"passed","title":"keeps load unit inline with the drawer load input","duration":0.04570900000001643,"failureMessages":[],"meta":{}},{"ancestorTitles":["workout navigation and logging UI contracts"],"fullName":"workout navigation and logging UI contracts shows prep as a small text action instead of a bulky overview card","status":"passed","title":"shows prep as a small text action instead of a bulky overview card","duration":1.0251670000000104,"failureMessages":[],"meta":{}},{"ancestorTitles":["workout navigation and logging UI contracts"],"fullName":"workout navigation and logging UI contracts shows Complete Workout with early and ready confirmation copy","status":"passed","title":"shows Complete Workout with early and ready confirmation copy","duration":0.563999999999993,"failureMessages":[],"meta":{}},{"ancestorTitles":["workout navigation and logging UI contracts"],"fullName":"workout navigation and logging UI contracts shows PRs and baselines separately in Workout Review","status":"passed","title":"shows PRs and baselines separately in Workout Review","duration":0.2872500000000002,"failureMessages":[],"meta":{}},{"ancestorTitles":["workout navigation and logging UI contracts"],"fullName":"workout navigation and logging UI contracts colours Complete Workout as destructive until planned work is complete, then success","status":"passed","title":"colours Complete Workout as destructive until planned work is complete, then success","duration":0.12691599999999426,"failureMessages":[],"meta":{}},{"ancestorTitles":["workout navigation and logging UI contracts"],"fullName":"workout navigation and logging UI contracts uses required work sets, not warm-ups, to decide workout completion","status":"passed","title":"uses required work sets, not warm-ups, to decide workout completion","duration":0.158457999999996,"failureMessages":[],"meta":{}},{"ancestorTitles":["workout navigation and logging UI contracts"],"fullName":"workout navigation and logging UI contracts separates finishing a workout from cancelling and discarding it","status":"passed","title":"separates finishing a workout from cancelling and discarding it","duration":0.22399999999998954,"failureMessages":[],"meta":{}},{"ancestorTitles":["workout navigation and logging UI contracts"],"fullName":"workout navigation and logging UI contracts keeps calibration active workout guidance minimal and avoids fake exact loads","status":"passed","title":"keeps calibration active workout guidance minimal and avoids fake exact loads","duration":0.16445799999999622,"failureMessages":[],"meta":{}},{"ancestorTitles":["workout navigation and logging UI contracts"],"fullName":"workout navigation and logging UI contracts shows a concise deload note when the active block is deload","status":"passed","title":"shows a concise deload note when the active block is deload","duration":0.0941670000000272,"failureMessages":[],"meta":{}},{"ancestorTitles":["workout navigation and logging UI contracts"],"fullName":"workout navigation and logging UI contracts keeps compact card actions available without dominant buttons","status":"passed","title":"keeps compact card actions available without dominant buttons","duration":0.7181250000000148,"failureMessages":[],"meta":{}},{"ancestorTitles":["workout navigation and logging UI contracts"],"fullName":"workout navigation and logging UI contracts renders More Open detail Actions below the set rows","status":"passed","title":"renders More Open detail Actions below the set rows","duration":0.22687500000000682,"failureMessages":[],"meta":{}},{"ancestorTitles":["workout navigation and logging UI contracts"],"fullName":"workout navigation and logging UI contracts opens a dedicated swap picker instead of rendering suggestions at the bottom of the workout","status":"passed","title":"opens a dedicated swap picker instead of rendering suggestions at the bottom of the workout","duration":1.1254999999999882,"failureMessages":[],"meta":{}},{"ancestorTitles":["workout navigation and logging UI contracts"],"fullName":"workout navigation and logging UI contracts asks for a fast reason when swapping, removing, or skipping an exercise","status":"passed","title":"asks for a fast reason when swapping, removing, or skipping an exercise","duration":0.34670900000000415,"failureMessages":[],"meta":{}},{"ancestorTitles":["workout navigation and logging UI contracts"],"fullName":"workout navigation and logging UI contracts opens a dedicated Add Exercise picker with recommendations, full search, and custom creation","status":"passed","title":"opens a dedicated Add Exercise picker with recommendations, full search, and custom creation","duration":0.5843340000000126,"failureMessages":[],"meta":{}},{"ancestorTitles":["workout navigation and logging UI contracts"],"fullName":"workout navigation and logging UI contracts orders Add Exercise picker as Recommended, Create New Exercise, then Search Library","status":"passed","title":"orders Add Exercise picker as Recommended, Create New Exercise, then Search Library","duration":0.1684590000000128,"failureMessages":[],"meta":{}},{"ancestorTitles":["workout navigation and logging UI contracts"],"fullName":"workout navigation and logging UI contracts uses full-library name and taxonomy search in Add and Swap pickers","status":"passed","title":"uses full-library name and taxonomy search in Add and Swap pickers","duration":0.24304199999997422,"failureMessages":[],"meta":{}},{"ancestorTitles":["workout navigation and logging UI contracts"],"fullName":"workout navigation and logging UI contracts keeps exercise detail secondary but clearly navigable back to the workout","status":"passed","title":"keeps exercise detail secondary but clearly navigable back to the workout","duration":0.07754099999999653,"failureMessages":[],"meta":{}},{"ancestorTitles":["workout navigation and logging UI contracts"],"fullName":"workout navigation and logging UI contracts keeps nested prep and capacity routes escapable","status":"passed","title":"keeps nested prep and capacity routes escapable","duration":0.11262500000000841,"failureMessages":[],"meta":{}},{"ancestorTitles":["workout navigation and logging UI contracts"],"fullName":"workout navigation and logging UI contracts keeps prep and capacity how guides behind disclosure controls","status":"passed","title":"keeps prep and capacity how guides behind disclosure controls","duration":0.16020799999998303,"failureMessages":[],"meta":{}},{"ancestorTitles":["workout navigation and logging UI contracts"],"fullName":"workout navigation and logging UI contracts shows Progress recommendation actions without automatic plan mutation","status":"passed","title":"shows Progress recommendation actions without automatic plan mutation","duration":0.053792000000015605,"failureMessages":[],"meta":{}},{"ancestorTitles":["workout navigation and logging UI contracts"],"fullName":"workout navigation and logging UI contracts keeps Beginner metadata off default Library cards","status":"passed","title":"keeps Beginner metadata off default Library cards","duration":0.04362499999999159,"failureMessages":[],"meta":{}},{"ancestorTitles":["workout navigation and logging UI contracts"],"fullName":"workout navigation and logging UI contracts puts Library search before filters and switches active search into results-only mode","status":"passed","title":"puts Library search before filters and switches active search into results-only mode","duration":0.09704099999999016,"failureMessages":[],"meta":{}},{"ancestorTitles":["workout navigation and logging UI contracts"],"fullName":"workout navigation and logging UI contracts moves cardio out of the generic Extra Session picker and into Recovery & Capacity","status":"passed","title":"moves cardio out of the generic Extra Session picker and into Recovery & Capacity","duration":0.38487499999999386,"failureMessages":[],"meta":{}},{"ancestorTitles":["workout navigation and logging UI contracts"],"fullName":"workout navigation and logging UI contracts routes low back capacity into the Extra Session capacity flow","status":"passed","title":"routes low back capacity into the Extra Session capacity flow","duration":0.08400000000000318,"failureMessages":[],"meta":{}},{"ancestorTitles":["workout navigation and logging UI contracts"],"fullName":"workout navigation and logging UI contracts surfaces current-week completed workouts from Home for editing","status":"passed","title":"surfaces current-week completed workouts from Home for editing","duration":0.1124579999999753,"failureMessages":[],"meta":{}},{"ancestorTitles":["workout navigation and logging UI contracts"],"fullName":"workout navigation and logging UI contracts keeps completed workout editing scoped to current-week history","status":"passed","title":"keeps completed workout editing scoped to current-week history","duration":0.06566599999999312,"failureMessages":[],"meta":{}},{"ancestorTitles":["workout navigation and logging UI contracts"],"fullName":"workout navigation and logging UI contracts keeps Plan focused by removing redundant action buttons","status":"passed","title":"keeps Plan focused by removing redundant action buttons","duration":0.05983299999999758,"failureMessages":[],"meta":{}},{"ancestorTitles":["workout navigation and logging UI contracts"],"fullName":"workout navigation and logging UI contracts presents planning context before approved choices without a legacy roadmap","status":"passed","title":"presents planning context before approved choices without a legacy roadmap","duration":0.12908400000000597,"failureMessages":[],"meta":{}},{"ancestorTitles":["workout navigation and logging UI contracts"],"fullName":"workout navigation and logging UI contracts bounds long titles and exercise names instead of allowing ugly wrapping or clipping","status":"passed","title":"bounds long titles and exercise names instead of allowing ugly wrapping or clipping","duration":0.08174999999999955,"failureMessages":[],"meta":{}},{"ancestorTitles":["workout navigation and logging UI contracts"],"fullName":"workout navigation and logging UI contracts does not retain a Plan explanation-modal flow","status":"passed","title":"does not retain a Plan explanation-modal flow","duration":0.060915999999991755,"failureMessages":[],"meta":{}}],"startTime":1784027432669,"endTime":1784027432688.1292,"status":"passed","message":"","name":"/Users/aaronparry/Documents/Bodybuilding App/tests/workout-navigation-ui.test.ts"},{"assertionResults":[{"ancestorTitles":["workout session cloud metadata mapping"],"fullName":"workout session cloud metadata mapping round-trips warm-up and work set types","status":"passed","title":"round-trips warm-up and work set types","duration":2.4497089999999844,"failureMessages":[],"meta":{}},{"ancestorTitles":["workout session cloud metadata mapping"],"fullName":"workout session cloud metadata mapping round-trips exercises added during a workout","status":"passed","title":"round-trips exercises added during a workout","duration":0.6633329999999944,"failureMessages":[],"meta":{}},{"ancestorTitles":["workout session cloud metadata mapping"],"fullName":"workout session cloud metadata mapping round-trips swapped exercise metadata without restoring an old active-session card","status":"passed","title":"round-trips swapped exercise metadata without restoring an old active-session card","duration":1.130708000000027,"failureMessages":[],"meta":{}},{"ancestorTitles":["workout session cloud metadata mapping"],"fullName":"workout session cloud metadata mapping round-trips manual finish metadata through exercise metadata","status":"passed","title":"round-trips manual finish metadata through exercise metadata","duration":0.1871669999999881,"failureMessages":[],"meta":{}},{"ancestorTitles":["workout session cloud metadata mapping"],"fullName":"workout session cloud metadata mapping round-trips removed future work rows through exercise metadata","status":"passed","title":"round-trips removed future work rows through exercise metadata","duration":0.132583000000011,"failureMessages":[],"meta":{}},{"ancestorTitles":["workout session cloud metadata mapping"],"fullName":"workout session cloud metadata mapping hydrates old cloud rows with safe defaults","status":"passed","title":"hydrates old cloud rows with safe defaults","duration":0.12166700000000219,"failureMessages":[],"meta":{}},{"ancestorTitles":["workout session cloud metadata mapping"],"fullName":"workout session cloud metadata mapping keeps warm-up sets out of history progression and volume after hydration","status":"passed","title":"keeps warm-up sets out of history progression and volume after hydration","duration":0.8512090000000114,"failureMessages":[],"meta":{}}],"startTime":1784027434301,"endTime":1784027434306.8513,"status":"passed","message":"","name":"/Users/aaronparry/Documents/Bodybuilding App/tests/workout-session-cloud-repository.test.ts"}]}